ERROR - 2021-01-11 09:22:50 --> mysqli_sql_exception: Table 'propleyah.users' doesn't exist in C:\xampp\htdocs\propleyah\system\Database\MySQLi\Connection.php:314
Stack trace:
#0 C:\xampp\htdocs\propleyah\system\Database\MySQLi\Connection.php(314): mysqli->query('SELECT 1\nFROM `...')
#1 C:\xampp\htdocs\propleyah\system\Database\BaseConnection.php(697): CodeIgniter\Database\MySQLi\Connection->execute('SELECT 1\nFROM `...')
#2 C:\xampp\htdocs\propleyah\system\Database\BaseConnection.php(625): CodeIgniter\Database\BaseConnection->simpleQuery('SELECT 1\nFROM `...')
#3 C:\xampp\htdocs\propleyah\system\Database\BaseBuilder.php(1866): CodeIgniter\Database\BaseConnection->query('SELECT 1\nFROM `...', Array, false)
#4 C:\xampp\htdocs\propleyah\system\Validation\Rules.php(212): CodeIgniter\Database\BaseBuilder->get()
#5 C:\xampp\htdocs\propleyah\system\Validation\Validation.php(305): CodeIgniter\Validation\Rules->is_unique('rahman@gmail.co...', 'user_email', Array, NULL)
#6 C:\xampp\htdocs\propleyah\system\Validation\Validation.php(164): CodeIgniter\Validation\Validation->processRules('email', 'email', 'rahman@gmail.co...', Array, Array)
#7 C:\xampp\htdocs\propleyah\system\Controller.php(181): CodeIgniter\Validation\Validation->run()
#8 C:\xampp\htdocs\propleyah\app\Controllers\Register.php(28): CodeIgniter\Controller->validate(Array)
#9 C:\xampp\htdocs\propleyah\system\CodeIgniter.php(931): App\Controllers\Register->save()
#10 C:\xampp\htdocs\propleyah\system\CodeIgniter.php(427): CodeIgniter\CodeIgniter->runController(Object(App\Controllers\Register))
#11 C:\xampp\htdocs\propleyah\system\CodeIgniter.php(333): CodeIgniter\CodeIgniter->handleRequest(NULL, Object(Config\Cache), false)
#12 C:\xampp\htdocs\propleyah\public\index.php(44): CodeIgniter\CodeIgniter->run()
#13 C:\xampp\htdocs\propleyah\system\Commands\Server\rewrite.php(45): require_once('C:\\xampp\\htdocs...')
#14 {main}
CRITICAL - 2021-01-11 09:22:50 --> Table 'propleyah.users' doesn't exist
#0 C:\xampp\htdocs\propleyah\system\Database\MySQLi\Connection.php(314): mysqli->query('SELECT 1\nFROM `...')
#1 C:\xampp\htdocs\propleyah\system\Database\BaseConnection.php(697): CodeIgniter\Database\MySQLi\Connection->execute('SELECT 1\nFROM `...')
#2 C:\xampp\htdocs\propleyah\system\Database\BaseConnection.php(625): CodeIgniter\Database\BaseConnection->simpleQuery('SELECT 1\nFROM `...')
#3 C:\xampp\htdocs\propleyah\system\Database\BaseBuilder.php(1866): CodeIgniter\Database\BaseConnection->query('SELECT 1\nFROM `...', Array, false)
#4 C:\xampp\htdocs\propleyah\system\Validation\Rules.php(212): CodeIgniter\Database\BaseBuilder->get()
#5 C:\xampp\htdocs\propleyah\system\Validation\Validation.php(305): CodeIgniter\Validation\Rules->is_unique('rahman@gmail.co...', 'user_email', Array, NULL)
#6 C:\xampp\htdocs\propleyah\system\Validation\Validation.php(164): CodeIgniter\Validation\Validation->processRules('email', 'email', 'rahman@gmail.co...', Array, Array)
#7 C:\xampp\htdocs\propleyah\system\Controller.php(181): CodeIgniter\Validation\Validation->run()
#8 C:\xampp\htdocs\propleyah\app\Controllers\Register.php(28): CodeIgniter\Controller->validate(Array)
#9 C:\xampp\htdocs\propleyah\system\CodeIgniter.php(931): App\Controllers\Register->save()
#10 C:\xampp\htdocs\propleyah\system\CodeIgniter.php(427): CodeIgniter\CodeIgniter->runController(Object(App\Controllers\Register))
#11 C:\xampp\htdocs\propleyah\system\CodeIgniter.php(333): CodeIgniter\CodeIgniter->handleRequest(NULL, Object(Config\Cache), false)
#12 C:\xampp\htdocs\propleyah\public\index.php(44): CodeIgniter\CodeIgniter->run()
#13 C:\xampp\htdocs\propleyah\system\Commands\Server\rewrite.php(45): require_once('C:\\xampp\\htdocs...')
#14 {main}
ERROR - 2021-01-11 09:25:59 --> mysqli_sql_exception: Unknown column 'user_email' in 'where clause' in C:\xampp\htdocs\propleyah\system\Database\MySQLi\Connection.php:314
Stack trace:
#0 C:\xampp\htdocs\propleyah\system\Database\MySQLi\Connection.php(314): mysqli->query('SELECT 1\nFROM `...')
#1 C:\xampp\htdocs\propleyah\system\Database\BaseConnection.php(697): CodeIgniter\Database\MySQLi\Connection->execute('SELECT 1\nFROM `...')
#2 C:\xampp\htdocs\propleyah\system\Database\BaseConnection.php(625): CodeIgniter\Database\BaseConnection->simpleQuery('SELECT 1\nFROM `...')
#3 C:\xampp\htdocs\propleyah\system\Database\BaseBuilder.php(1866): CodeIgniter\Database\BaseConnection->query('SELECT 1\nFROM `...', Array, false)
#4 C:\xampp\htdocs\propleyah\system\Validation\Rules.php(212): CodeIgniter\Database\BaseBuilder->get()
#5 C:\xampp\htdocs\propleyah\system\Validation\Validation.php(305): CodeIgniter\Validation\Rules->is_unique('rahman@gmail.co...', 'user_email', Array, NULL)
#6 C:\xampp\htdocs\propleyah\system\Validation\Validation.php(164): CodeIgniter\Validation\Validation->processRules('email', 'email', 'rahman@gmail.co...', Array, Array)
#7 C:\xampp\htdocs\propleyah\system\Controller.php(181): CodeIgniter\Validation\Validation->run()
#8 C:\xampp\htdocs\propleyah\app\Controllers\Register.php(28): CodeIgniter\Controller->validate(Array)
#9 C:\xampp\htdocs\propleyah\system\CodeIgniter.php(931): App\Controllers\Register->save()
#10 C:\xampp\htdocs\propleyah\system\CodeIgniter.php(427): CodeIgniter\CodeIgniter->runController(Object(App\Controllers\Register))
#11 C:\xampp\htdocs\propleyah\system\CodeIgniter.php(333): CodeIgniter\CodeIgniter->handleRequest(NULL, Object(Config\Cache), false)
#12 C:\xampp\htdocs\propleyah\public\index.php(44): CodeIgniter\CodeIgniter->run()
#13 C:\xampp\htdocs\propleyah\system\Commands\Server\rewrite.php(45): require_once('C:\\xampp\\htdocs...')
#14 {main}
CRITICAL - 2021-01-11 09:25:59 --> Unknown column 'user_email' in 'where clause'
#0 C:\xampp\htdocs\propleyah\system\Database\MySQLi\Connection.php(314): mysqli->query('SELECT 1\nFROM `...')
#1 C:\xampp\htdocs\propleyah\system\Database\BaseConnection.php(697): CodeIgniter\Database\MySQLi\Connection->execute('SELECT 1\nFROM `...')
#2 C:\xampp\htdocs\propleyah\system\Database\BaseConnection.php(625): CodeIgniter\Database\BaseConnection->simpleQuery('SELECT 1\nFROM `...')
#3 C:\xampp\htdocs\propleyah\system\Database\BaseBuilder.php(1866): CodeIgniter\Database\BaseConnection->query('SELECT 1\nFROM `...', Array, false)
#4 C:\xampp\htdocs\propleyah\system\Validation\Rules.php(212): CodeIgniter\Database\BaseBuilder->get()
#5 C:\xampp\htdocs\propleyah\system\Validation\Validation.php(305): CodeIgniter\Validation\Rules->is_unique('rahman@gmail.co...', 'user_email', Array, NULL)
#6 C:\xampp\htdocs\propleyah\system\Validation\Validation.php(164): CodeIgniter\Validation\Validation->processRules('email', 'email', 'rahman@gmail.co...', Array, Array)
#7 C:\xampp\htdocs\propleyah\system\Controller.php(181): CodeIgniter\Validation\Validation->run()
#8 C:\xampp\htdocs\propleyah\app\Controllers\Register.php(28): CodeIgniter\Controller->validate(Array)
#9 C:\xampp\htdocs\propleyah\system\CodeIgniter.php(931): App\Controllers\Register->save()
#10 C:\xampp\htdocs\propleyah\system\CodeIgniter.php(427): CodeIgniter\CodeIgniter->runController(Object(App\Controllers\Register))
#11 C:\xampp\htdocs\propleyah\system\CodeIgniter.php(333): CodeIgniter\CodeIgniter->handleRequest(NULL, Object(Config\Cache), false)
#12 C:\xampp\htdocs\propleyah\public\index.php(44): CodeIgniter\CodeIgniter->run()
#13 C:\xampp\htdocs\propleyah\system\Commands\Server\rewrite.php(45): require_once('C:\\xampp\\htdocs...')
#14 {main}
CRITICAL - 2021-01-11 09:28:35 --> Invalid file: /login.php
#0 C:\xampp\htdocs\propleyah\system\View\View.php(203): CodeIgniter\Exceptions\FrameworkException::forInvalidFile('/login.php')
#1 C:\xampp\htdocs\propleyah\system\Common.php(1213): CodeIgniter\View\View->render('/login', Array, true)
#2 C:\xampp\htdocs\propleyah\app\Controllers\Register.php(40): view('/login', Array)
#3 C:\xampp\htdocs\propleyah\system\CodeIgniter.php(931): App\Controllers\Register->save()
#4 C:\xampp\htdocs\propleyah\system\CodeIgniter.php(427): CodeIgniter\CodeIgniter->runController(Object(App\Controllers\Register))
#5 C:\xampp\htdocs\propleyah\system\CodeIgniter.php(333): CodeIgniter\CodeIgniter->handleRequest(NULL, Object(Config\Cache), false)
#6 C:\xampp\htdocs\propleyah\public\index.php(44): CodeIgniter\CodeIgniter->run()
#7 C:\xampp\htdocs\propleyah\system\Commands\Server\rewrite.php(45): require_once('C:\\xampp\\htdocs...')
#8 {main}
CRITICAL - 2021-01-11 09:34:18 --> Invalid file: /login.php
#0 C:\xampp\htdocs\propleyah\system\View\View.php(203): CodeIgniter\Exceptions\FrameworkException::forInvalidFile('/login.php')
#1 C:\xampp\htdocs\propleyah\system\Common.php(1213): CodeIgniter\View\View->render('/login', Array, true)
#2 C:\xampp\htdocs\propleyah\app\Controllers\Login.php(24): view('/login', Array)
#3 C:\xampp\htdocs\propleyah\system\CodeIgniter.php(931): App\Controllers\Login->login()
#4 C:\xampp\htdocs\propleyah\system\CodeIgniter.php(427): CodeIgniter\CodeIgniter->runController(Object(App\Controllers\Login))
#5 C:\xampp\htdocs\propleyah\system\CodeIgniter.php(333): CodeIgniter\CodeIgniter->handleRequest(NULL, Object(Config\Cache), false)
#6 C:\xampp\htdocs\propleyah\public\index.php(44): CodeIgniter\CodeIgniter->run()
#7 C:\xampp\htdocs\propleyah\system\Commands\Server\rewrite.php(45): require_once('C:\\xampp\\htdocs...')
#8 {main}
CRITICAL - 2021-01-11 09:34:48 --> Invalid file: /login.php
#0 C:\xampp\htdocs\propleyah\system\View\View.php(203): CodeIgniter\Exceptions\FrameworkException::forInvalidFile('/login.php')
#1 C:\xampp\htdocs\propleyah\system\Common.php(1213): CodeIgniter\View\View->render('/login', Array, true)
#2 C:\xampp\htdocs\propleyah\app\Controllers\Login.php(24): view('/login', Array)
#3 C:\xampp\htdocs\propleyah\system\CodeIgniter.php(931): App\Controllers\Login->login()
#4 C:\xampp\htdocs\propleyah\system\CodeIgniter.php(427): CodeIgniter\CodeIgniter->runController(Object(App\Controllers\Login))
#5 C:\xampp\htdocs\propleyah\system\CodeIgniter.php(333): CodeIgniter\CodeIgniter->handleRequest(NULL, Object(Config\Cache), false)
#6 C:\xampp\htdocs\propleyah\public\index.php(44): CodeIgniter\CodeIgniter->run()
#7 C:\xampp\htdocs\propleyah\system\Commands\Server\rewrite.php(45): require_once('C:\\xampp\\htdocs...')
#8 {main}
CRITICAL - 2021-01-11 09:35:08 --> Invalid file: /login.php
#0 C:\xampp\htdocs\propleyah\system\View\View.php(203): CodeIgniter\Exceptions\FrameworkException::forInvalidFile('/login.php')
#1 C:\xampp\htdocs\propleyah\system\Common.php(1213): CodeIgniter\View\View->render('/login', Array, true)
#2 C:\xampp\htdocs\propleyah\app\Controllers\Login.php(24): view('/login')
#3 C:\xampp\htdocs\propleyah\system\CodeIgniter.php(931): App\Controllers\Login->login()
#4 C:\xampp\htdocs\propleyah\system\CodeIgniter.php(427): CodeIgniter\CodeIgniter->runController(Object(App\Controllers\Login))
#5 C:\xampp\htdocs\propleyah\system\CodeIgniter.php(333): CodeIgniter\CodeIgniter->handleRequest(NULL, Object(Config\Cache), false)
#6 C:\xampp\htdocs\propleyah\public\index.php(44): CodeIgniter\CodeIgniter->run()
#7 C:\xampp\htdocs\propleyah\system\Commands\Server\rewrite.php(45): require_once('C:\\xampp\\htdocs...')
#8 {main}
CRITICAL - 2021-01-11 09:35:27 --> Invalid file: /login.php
#0 C:\xampp\htdocs\propleyah\system\View\View.php(203): CodeIgniter\Exceptions\FrameworkException::forInvalidFile('/login.php')
#1 C:\xampp\htdocs\propleyah\system\Common.php(1213): CodeIgniter\View\View->render('/login', Array, true)
#2 C:\xampp\htdocs\propleyah\app\Controllers\Login.php(24): view('/login', Array)
#3 C:\xampp\htdocs\propleyah\system\CodeIgniter.php(931): App\Controllers\Login->login()
#4 C:\xampp\htdocs\propleyah\system\CodeIgniter.php(427): CodeIgniter\CodeIgniter->runController(Object(App\Controllers\Login))
#5 C:\xampp\htdocs\propleyah\system\CodeIgniter.php(333): CodeIgniter\CodeIgniter->handleRequest(NULL, Object(Config\Cache), false)
#6 C:\xampp\htdocs\propleyah\public\index.php(44): CodeIgniter\CodeIgniter->run()
#7 C:\xampp\htdocs\propleyah\system\Commands\Server\rewrite.php(45): require_once('C:\\xampp\\htdocs...')
#8 {main}
CRITICAL - 2021-01-11 09:36:02 --> Invalid file: login.php
#0 C:\xampp\htdocs\propleyah\system\View\View.php(203): CodeIgniter\Exceptions\FrameworkException::forInvalidFile('login.php')
#1 C:\xampp\htdocs\propleyah\system\Common.php(1213): CodeIgniter\View\View->render('login', Array, true)
#2 C:\xampp\htdocs\propleyah\app\Controllers\Login.php(24): view('login', Array)
#3 C:\xampp\htdocs\propleyah\system\CodeIgniter.php(931): App\Controllers\Login->login()
#4 C:\xampp\htdocs\propleyah\system\CodeIgniter.php(427): CodeIgniter\CodeIgniter->runController(Object(App\Controllers\Login))
#5 C:\xampp\htdocs\propleyah\system\CodeIgniter.php(333): CodeIgniter\CodeIgniter->handleRequest(NULL, Object(Config\Cache), false)
#6 C:\xampp\htdocs\propleyah\public\index.php(44): CodeIgniter\CodeIgniter->run()
#7 C:\xampp\htdocs\propleyah\system\Commands\Server\rewrite.php(45): require_once('C:\\xampp\\htdocs...')
#8 {main}
CRITICAL - 2021-01-11 09:41:48 --> Invalid file: home.php
#0 C:\xampp\htdocs\propleyah\system\View\View.php(203): CodeIgniter\Exceptions\FrameworkException::forInvalidFile('home.php')
#1 C:\xampp\htdocs\propleyah\system\Common.php(1213): CodeIgniter\View\View->render('home', Array, true)
#2 C:\xampp\htdocs\propleyah\app\Controllers\Dashboard.php(10): view('home')
#3 C:\xampp\htdocs\propleyah\system\CodeIgniter.php(931): App\Controllers\Dashboard->index()
#4 C:\xampp\htdocs\propleyah\system\CodeIgniter.php(427): CodeIgniter\CodeIgniter->runController(Object(App\Controllers\Dashboard))
#5 C:\xampp\htdocs\propleyah\system\CodeIgniter.php(333): CodeIgniter\CodeIgniter->handleRequest(NULL, Object(Config\Cache), false)
#6 C:\xampp\htdocs\propleyah\public\index.php(44): CodeIgniter\CodeIgniter->run()
#7 C:\xampp\htdocs\propleyah\system\Commands\Server\rewrite.php(45): require_once('C:\\xampp\\htdocs...')
#8 {main}
CRITICAL - 2021-01-11 09:42:12 --> Invalid file: /home.php
#0 C:\xampp\htdocs\propleyah\system\View\View.php(203): CodeIgniter\Exceptions\FrameworkException::forInvalidFile('/home.php')
#1 C:\xampp\htdocs\propleyah\system\Common.php(1213): CodeIgniter\View\View->render('/home', Array, true)
#2 C:\xampp\htdocs\propleyah\app\Controllers\Dashboard.php(10): view('/home')
#3 C:\xampp\htdocs\propleyah\system\CodeIgniter.php(931): App\Controllers\Dashboard->index()
#4 C:\xampp\htdocs\propleyah\system\CodeIgniter.php(427): CodeIgniter\CodeIgniter->runController(Object(App\Controllers\Dashboard))
#5 C:\xampp\htdocs\propleyah\system\CodeIgniter.php(333): CodeIgniter\CodeIgniter->handleRequest(NULL, Object(Config\Cache), false)
#6 C:\xampp\htdocs\propleyah\public\index.php(44): CodeIgniter\CodeIgniter->run()
#7 C:\xampp\htdocs\propleyah\system\Commands\Server\rewrite.php(45): require_once('C:\\xampp\\htdocs...')
#8 {main}
CRITICAL - 2021-01-11 21:49:05 --> Invalid file: /login.php
#0 C:\xampp\htdocs\propleyah\system\View\View.php(203): CodeIgniter\Exceptions\FrameworkException::forInvalidFile('/login.php')
#1 C:\xampp\htdocs\propleyah\system\Common.php(1213): CodeIgniter\View\View->render('/login', Array, true)
#2 C:\xampp\htdocs\propleyah\app\Controllers\Register.php(40): view('/login')
#3 C:\xampp\htdocs\propleyah\system\CodeIgniter.php(931): App\Controllers\Register->save()
#4 C:\xampp\htdocs\propleyah\system\CodeIgniter.php(427): CodeIgniter\CodeIgniter->runController(Object(App\Controllers\Register))
#5 C:\xampp\htdocs\propleyah\system\CodeIgniter.php(333): CodeIgniter\CodeIgniter->handleRequest(NULL, Object(Config\Cache), false)
#6 C:\xampp\htdocs\propleyah\public\index.php(44): CodeIgniter\CodeIgniter->run()
#7 C:\xampp\htdocs\propleyah\system\Commands\Server\rewrite.php(45): require_once('C:\\xampp\\htdocs...')
#8 {main}
CRITICAL - 2021-01-11 22:07:20 --> password yang anda masukkan tidak sama is not a valid rule.
#0 C:\xampp\htdocs\propleyah\system\Validation\Validation.php(313): CodeIgniter\Validation\Exceptions\ValidationException::forRuleNotFound('password yang a...')
#1 C:\xampp\htdocs\propleyah\system\Validation\Validation.php(164): CodeIgniter\Validation\Validation->processRules('errors', 'errors', NULL, Array, Array)
#2 C:\xampp\htdocs\propleyah\system\Controller.php(181): CodeIgniter\Validation\Validation->run()
#3 C:\xampp\htdocs\propleyah\app\Controllers\Register.php(28): CodeIgniter\Controller->validate(Array)
#4 C:\xampp\htdocs\propleyah\system\CodeIgniter.php(931): App\Controllers\Register->save()
#5 C:\xampp\htdocs\propleyah\system\CodeIgniter.php(427): CodeIgniter\CodeIgniter->runController(Object(App\Controllers\Register))
#6 C:\xampp\htdocs\propleyah\system\CodeIgniter.php(333): CodeIgniter\CodeIgniter->handleRequest(NULL, Object(Config\Cache), false)
#7 C:\xampp\htdocs\propleyah\public\index.php(44): CodeIgniter\CodeIgniter->run()
#8 C:\xampp\htdocs\propleyah\system\Commands\Server\rewrite.php(45): require_once('C:\\xampp\\htdocs...')
#9 {main}
CRITICAL - 2021-01-11 22:08:51 --> password yang anda masukkan tidak sama is not a valid rule.
#0 C:\xampp\htdocs\propleyah\system\Validation\Validation.php(313): CodeIgniter\Validation\Exceptions\ValidationException::forRuleNotFound('password yang a...')
#1 C:\xampp\htdocs\propleyah\system\Validation\Validation.php(164): CodeIgniter\Validation\Validation->processRules('errors', 'errors', NULL, Array, Array)
#2 C:\xampp\htdocs\propleyah\system\Controller.php(181): CodeIgniter\Validation\Validation->run()
#3 C:\xampp\htdocs\propleyah\app\Controllers\Register.php(28): CodeIgniter\Controller->validate(Array)
#4 C:\xampp\htdocs\propleyah\system\CodeIgniter.php(931): App\Controllers\Register->save()
#5 C:\xampp\htdocs\propleyah\system\CodeIgniter.php(427): CodeIgniter\CodeIgniter->runController(Object(App\Controllers\Register))
#6 C:\xampp\htdocs\propleyah\system\CodeIgniter.php(333): CodeIgniter\CodeIgniter->handleRequest(NULL, Object(Config\Cache), false)
#7 C:\xampp\htdocs\propleyah\public\index.php(44): CodeIgniter\CodeIgniter->run()
#8 C:\xampp\htdocs\propleyah\system\Commands\Server\rewrite.php(45): require_once('C:\\xampp\\htdocs...')
#9 {main}
CRITICAL - 2021-01-11 22:09:25 --> password yang anda masukkan tidak sama is not a valid rule.
#0 C:\xampp\htdocs\propleyah\system\Validation\Validation.php(313): CodeIgniter\Validation\Exceptions\ValidationException::forRuleNotFound('password yang a...')
#1 C:\xampp\htdocs\propleyah\system\Validation\Validation.php(164): CodeIgniter\Validation\Validation->processRules('errors', 'errors', NULL, Array, Array)
#2 C:\xampp\htdocs\propleyah\system\Controller.php(181): CodeIgniter\Validation\Validation->run()
#3 C:\xampp\htdocs\propleyah\app\Controllers\Register.php(28): CodeIgniter\Controller->validate(Array)
#4 C:\xampp\htdocs\propleyah\system\CodeIgniter.php(931): App\Controllers\Register->save()
#5 C:\xampp\htdocs\propleyah\system\CodeIgniter.php(427): CodeIgniter\CodeIgniter->runController(Object(App\Controllers\Register))
#6 C:\xampp\htdocs\propleyah\system\CodeIgniter.php(333): CodeIgniter\CodeIgniter->handleRequest(NULL, Object(Config\Cache), false)
#7 C:\xampp\htdocs\propleyah\public\index.php(44): CodeIgniter\CodeIgniter->run()
#8 C:\xampp\htdocs\propleyah\system\Commands\Server\rewrite.php(45): require_once('C:\\xampp\\htdocs...')
#9 {main}
CRITICAL - 2021-01-11 22:19:38 --> Creating default object from empty value
#0 C:\xampp\htdocs\propleyah\app\Controllers\Register.php(21): CodeIgniter\Debug\Exceptions->errorHandler(2, 'Creating defaul...', 'C:\\xampp\\htdocs...', 21, Array)
#1 C:\xampp\htdocs\propleyah\system\CodeIgniter.php(931): App\Controllers\Register->save()
#2 C:\xampp\htdocs\propleyah\system\CodeIgniter.php(427): CodeIgniter\CodeIgniter->runController(Object(App\Controllers\Register))
#3 C:\xampp\htdocs\propleyah\system\CodeIgniter.php(333): CodeIgniter\CodeIgniter->handleRequest(NULL, Object(Config\Cache), false)
#4 C:\xampp\htdocs\propleyah\public\index.php(44): CodeIgniter\CodeIgniter->run()
#5 C:\xampp\htdocs\propleyah\system\Commands\Server\rewrite.php(45): require_once('C:\\xampp\\htdocs...')
#6 {main}
CRITICAL - 2021-01-11 23:43:48 --> Invalid file: _partials/sidebar.php
#0 C:\xampp\htdocs\propleyah\system\View\View.php(203): CodeIgniter\Exceptions\FrameworkException::forInvalidFile('_partials/sideb...')
#1 C:\xampp\htdocs\propleyah\system\Common.php(1213): CodeIgniter\View\View->render('_partials/sideb...', Array, true)
#2 C:\xampp\htdocs\propleyah\app\Views\home\dashboard.php(15): view('_partials/sideb...')
#3 C:\xampp\htdocs\propleyah\system\View\View.php(219): include('C:\\xampp\\htdocs...')
#4 C:\xampp\htdocs\propleyah\system\Common.php(1213): CodeIgniter\View\View->render('/home/dashboard', Array, true)
#5 C:\xampp\htdocs\propleyah\app\Controllers\Dashboard.php(10): view('/home/dashboard')
#6 C:\xampp\htdocs\propleyah\system\CodeIgniter.php(931): App\Controllers\Dashboard->index()
#7 C:\xampp\htdocs\propleyah\system\CodeIgniter.php(427): CodeIgniter\CodeIgniter->runController(Object(App\Controllers\Dashboard))
#8 C:\xampp\htdocs\propleyah\system\CodeIgniter.php(333): CodeIgniter\CodeIgniter->handleRequest(NULL, Object(Config\Cache), false)
#9 C:\xampp\htdocs\propleyah\public\index.php(44): CodeIgniter\CodeIgniter->run()
#10 C:\xampp\htdocs\propleyah\system\Commands\Server\rewrite.php(45): require_once('C:\\xampp\\htdocs...')
#11 {main}
