CRITICAL - 2021-01-08 02:37:08 --> Undefined variable: title
#0 C:\xampp\htdocs\propleyah\app\Views\startup\login.php(7): CodeIgniter\Debug\Exceptions->errorHandler(8, 'Undefined varia...', 'C:\\xampp\\htdocs...', 7, Array)
#1 C:\xampp\htdocs\propleyah\system\View\View.php(219): include('C:\\xampp\\htdocs...')
#2 C:\xampp\htdocs\propleyah\system\Common.php(1213): CodeIgniter\View\View->render('startup/login', Array, true)
#3 C:\xampp\htdocs\propleyah\app\Controllers\Home.php(9): view('startup/login')
#4 C:\xampp\htdocs\propleyah\system\CodeIgniter.php(931): App\Controllers\Home->index()
#5 C:\xampp\htdocs\propleyah\system\CodeIgniter.php(427): CodeIgniter\CodeIgniter->runController(Object(App\Controllers\Home))
#6 C:\xampp\htdocs\propleyah\system\CodeIgniter.php(333): CodeIgniter\CodeIgniter->handleRequest(NULL, Object(Config\Cache), false)
#7 C:\xampp\htdocs\propleyah\public\index.php(44): CodeIgniter\CodeIgniter->run()
#8 C:\xampp\htdocs\propleyah\system\Commands\Server\rewrite.php(45): require_once('C:\\xampp\\htdocs...')
#9 {main}
CRITICAL - 2021-01-08 04:28:27 --> Call to undefined method CodeIgniter\View\View::extends()
#0 C:\xampp\htdocs\propleyah\system\View\View.php(219): include()
#1 C:\xampp\htdocs\propleyah\system\Common.php(1213): CodeIgniter\View\View->render('/startup/login', Array, true)
#2 C:\xampp\htdocs\propleyah\app\Controllers\Login.php(24): view('/startup/login', Array)
#3 C:\xampp\htdocs\propleyah\system\CodeIgniter.php(931): App\Controllers\Login->login()
#4 C:\xampp\htdocs\propleyah\system\CodeIgniter.php(427): CodeIgniter\CodeIgniter->runController(Object(App\Controllers\Login))
#5 C:\xampp\htdocs\propleyah\system\CodeIgniter.php(333): CodeIgniter\CodeIgniter->handleRequest(NULL, Object(Config\Cache), false)
#6 C:\xampp\htdocs\propleyah\public\index.php(44): CodeIgniter\CodeIgniter->run()
#7 C:\xampp\htdocs\propleyah\system\Commands\Server\rewrite.php(45): require_once('C:\\xampp\\htdocs...')
#8 {main}
CRITICAL - 2021-01-08 04:45:27 --> Invalid file: startup/popup.php
#0 C:\xampp\htdocs\propleyah\system\View\View.php(203): CodeIgniter\Exceptions\FrameworkException::forInvalidFile('startup/popup.p...')
#1 C:\xampp\htdocs\propleyah\system\Common.php(1213): CodeIgniter\View\View->render('startup/popup', Array, true)
#2 C:\xampp\htdocs\propleyah\app\Controllers\Home.php(9): view('startup/popup')
#3 C:\xampp\htdocs\propleyah\system\CodeIgniter.php(931): App\Controllers\Home->index()
#4 C:\xampp\htdocs\propleyah\system\CodeIgniter.php(427): CodeIgniter\CodeIgniter->runController(Object(App\Controllers\Home))
#5 C:\xampp\htdocs\propleyah\system\CodeIgniter.php(333): CodeIgniter\CodeIgniter->handleRequest(NULL, Object(Config\Cache), false)
#6 C:\xampp\htdocs\propleyah\public\index.php(44): CodeIgniter\CodeIgniter->run()
#7 C:\xampp\htdocs\propleyah\system\Commands\Server\rewrite.php(45): require_once('C:\\xampp\\htdocs...')
#8 {main}
