CRITICAL - 2021-01-13 09:07:02 --> syntax error, unexpected 'List' (T_LIST), expecting identifier (T_STRING)
#0 C:\xampp\htdocs\propleyah\system\Router\Router.php(170): CodeIgniter\Router\Router->autoRoute('list/pesawat')
#1 C:\xampp\htdocs\propleyah\system\CodeIgniter.php(811): CodeIgniter\Router\Router->handle('list/pesawat')
#2 C:\xampp\htdocs\propleyah\system\CodeIgniter.php(385): CodeIgniter\CodeIgniter->tryToRouteIt(Object(CodeIgniter\Router\RouteCollection))
#3 C:\xampp\htdocs\propleyah\system\CodeIgniter.php(333): CodeIgniter\CodeIgniter->handleRequest(NULL, Object(Config\Cache), false)
#4 C:\xampp\htdocs\propleyah\public\index.php(44): CodeIgniter\CodeIgniter->run()
#5 C:\xampp\htdocs\propleyah\system\Commands\Server\rewrite.php(45): require_once('C:\\xampp\\htdocs...')
#6 {main}
ERROR - 2021-01-13 22:06:59 --> Error connecting to the database: No connection could be made because the target machine actively refused it.

CRITICAL - 2021-01-13 22:06:59 --> Unable to connect to the database.
#0 C:\xampp\htdocs\propleyah\system\Database\BaseConnection.php(602): CodeIgniter\Database\BaseConnection->initialize()
#1 C:\xampp\htdocs\propleyah\system\Database\BaseBuilder.php(1866): CodeIgniter\Database\BaseConnection->query('SELECT *\nFROM `...', Array, false)
#2 C:\xampp\htdocs\propleyah\system\Model.php(239): CodeIgniter\Database\BaseBuilder->get()
#3 C:\xampp\htdocs\propleyah\system\BaseModel.php(625): CodeIgniter\Model->doFirst()
#4 C:\xampp\htdocs\propleyah\app\Models\UserModel.php(14): CodeIgniter\BaseModel->first()
#5 C:\xampp\htdocs\propleyah\app\Controllers\Login.php(33): App\Models\UserModel->getUser('admin@gmail.com')
#6 C:\xampp\htdocs\propleyah\system\CodeIgniter.php(931): App\Controllers\Login->auth()
#7 C:\xampp\htdocs\propleyah\system\CodeIgniter.php(427): CodeIgniter\CodeIgniter->runController(Object(App\Controllers\Login))
#8 C:\xampp\htdocs\propleyah\system\CodeIgniter.php(333): CodeIgniter\CodeIgniter->handleRequest(NULL, Object(Config\Cache), false)
#9 C:\xampp\htdocs\propleyah\public\index.php(44): CodeIgniter\CodeIgniter->run()
#10 C:\xampp\htdocs\propleyah\system\Commands\Server\rewrite.php(45): require_once('C:\\xampp\\htdocs...')
#11 {main}
