ERROR - 2021-01-14 08:34:52 --> Error connecting to the database: No connection could be made because the target machine actively refused it.

CRITICAL - 2021-01-14 08:34:52 --> Unable to connect to the database.
#0 C:\xampp\htdocs\propleyah\system\Database\BaseConnection.php(602): CodeIgniter\Database\BaseConnection->initialize()
#1 C:\xampp\htdocs\propleyah\system\Database\BaseBuilder.php(1866): CodeIgniter\Database\BaseConnection->query('SELECT *\nFROM `...', Array, false)
#2 C:\xampp\htdocs\propleyah\system\Model.php(239): CodeIgniter\Database\BaseBuilder->get()
#3 C:\xampp\htdocs\propleyah\system\BaseModel.php(625): CodeIgniter\Model->doFirst()
#4 C:\xampp\htdocs\propleyah\app\Models\UserModel.php(14): CodeIgniter\BaseModel->first()
#5 C:\xampp\htdocs\propleyah\app\Controllers\Login.php(33): App\Models\UserModel->getUser('admin@gmail.com')
#6 C:\xampp\htdocs\propleyah\system\CodeIgniter.php(931): App\Controllers\Login->auth()
#7 C:\xampp\htdocs\propleyah\system\CodeIgniter.php(427): CodeIgniter\CodeIgniter->runController(Object(App\Controllers\Login))
#8 C:\xampp\htdocs\propleyah\system\CodeIgniter.php(333): CodeIgniter\CodeIgniter->handleRequest(NULL, Object(Config\Cache), false)
#9 C:\xampp\htdocs\propleyah\public\index.php(44): CodeIgniter\CodeIgniter->run()
#10 C:\xampp\htdocs\propleyah\system\Commands\Server\rewrite.php(45): require_once('C:\\xampp\\htdocs...')
#11 {main}
CRITICAL - 2021-01-14 08:50:41 --> Undefined variable: validation
#0 C:\xampp\htdocs\propleyah\app\Views\home\dashboard2.php(280): CodeIgniter\Debug\Exceptions->errorHandler(8, 'Undefined varia...', 'C:\\xampp\\htdocs...', 280, Array)
#1 C:\xampp\htdocs\propleyah\system\View\View.php(219): include('C:\\xampp\\htdocs...')
#2 C:\xampp\htdocs\propleyah\system\Common.php(1213): CodeIgniter\View\View->render('/home/dashboard...', Array, true)
#3 C:\xampp\htdocs\propleyah\app\Controllers\Dashboard.php(11): view('/home/dashboard...')
#4 C:\xampp\htdocs\propleyah\system\CodeIgniter.php(931): App\Controllers\Dashboard->index()
#5 C:\xampp\htdocs\propleyah\system\CodeIgniter.php(427): CodeIgniter\CodeIgniter->runController(Object(App\Controllers\Dashboard))
#6 C:\xampp\htdocs\propleyah\system\CodeIgniter.php(333): CodeIgniter\CodeIgniter->handleRequest(NULL, Object(Config\Cache), false)
#7 C:\xampp\htdocs\propleyah\public\index.php(44): CodeIgniter\CodeIgniter->run()
#8 C:\xampp\htdocs\propleyah\system\Commands\Server\rewrite.php(45): require_once('C:\\xampp\\htdocs...')
#9 {main}
CRITICAL - 2021-01-14 08:52:39 --> Undefined variable: validation
#0 C:\xampp\htdocs\propleyah\app\Views\home\dashboard2.php(280): CodeIgniter\Debug\Exceptions->errorHandler(8, 'Undefined varia...', 'C:\\xampp\\htdocs...', 280, Array)
#1 C:\xampp\htdocs\propleyah\system\View\View.php(219): include('C:\\xampp\\htdocs...')
#2 C:\xampp\htdocs\propleyah\system\Common.php(1213): CodeIgniter\View\View->render('/home/dashboard...', Array, true)
#3 C:\xampp\htdocs\propleyah\app\Controllers\Dashboard.php(13): view('/home/dashboard...')
#4 C:\xampp\htdocs\propleyah\system\CodeIgniter.php(931): App\Controllers\Dashboard->index()
#5 C:\xampp\htdocs\propleyah\system\CodeIgniter.php(427): CodeIgniter\CodeIgniter->runController(Object(App\Controllers\Dashboard))
#6 C:\xampp\htdocs\propleyah\system\CodeIgniter.php(333): CodeIgniter\CodeIgniter->handleRequest(NULL, Object(Config\Cache), false)
#7 C:\xampp\htdocs\propleyah\public\index.php(44): CodeIgniter\CodeIgniter->run()
#8 C:\xampp\htdocs\propleyah\system\Commands\Server\rewrite.php(45): require_once('C:\\xampp\\htdocs...')
#9 {main}
CRITICAL - 2021-01-14 08:56:08 --> Undefined variable: validation
#0 C:\xampp\htdocs\propleyah\app\Views\home\dashboard2.php(280): CodeIgniter\Debug\Exceptions->errorHandler(8, 'Undefined varia...', 'C:\\xampp\\htdocs...', 280, Array)
#1 C:\xampp\htdocs\propleyah\system\View\View.php(219): include('C:\\xampp\\htdocs...')
#2 C:\xampp\htdocs\propleyah\system\Common.php(1213): CodeIgniter\View\View->render('/home/dashboard...', Array, true)
#3 C:\xampp\htdocs\propleyah\app\Controllers\Dashboard.php(15): view('/home/dashboard...')
#4 C:\xampp\htdocs\propleyah\system\CodeIgniter.php(931): App\Controllers\Dashboard->index()
#5 C:\xampp\htdocs\propleyah\system\CodeIgniter.php(427): CodeIgniter\CodeIgniter->runController(Object(App\Controllers\Dashboard))
#6 C:\xampp\htdocs\propleyah\system\CodeIgniter.php(333): CodeIgniter\CodeIgniter->handleRequest(NULL, Object(Config\Cache), false)
#7 C:\xampp\htdocs\propleyah\public\index.php(44): CodeIgniter\CodeIgniter->run()
#8 C:\xampp\htdocs\propleyah\system\Commands\Server\rewrite.php(45): require_once('C:\\xampp\\htdocs...')
#9 {main}
CRITICAL - 2021-01-14 08:56:19 --> Undefined variable: validation
#0 C:\xampp\htdocs\propleyah\app\Views\home\dashboard2.php(280): CodeIgniter\Debug\Exceptions->errorHandler(8, 'Undefined varia...', 'C:\\xampp\\htdocs...', 280, Array)
#1 C:\xampp\htdocs\propleyah\system\View\View.php(219): include('C:\\xampp\\htdocs...')
#2 C:\xampp\htdocs\propleyah\system\Common.php(1213): CodeIgniter\View\View->render('/home/dashboard...', Array, true)
#3 C:\xampp\htdocs\propleyah\app\Controllers\Dashboard.php(15): view('/home/dashboard...')
#4 C:\xampp\htdocs\propleyah\system\CodeIgniter.php(931): App\Controllers\Dashboard->index()
#5 C:\xampp\htdocs\propleyah\system\CodeIgniter.php(427): CodeIgniter\CodeIgniter->runController(Object(App\Controllers\Dashboard))
#6 C:\xampp\htdocs\propleyah\system\CodeIgniter.php(333): CodeIgniter\CodeIgniter->handleRequest(NULL, Object(Config\Cache), false)
#7 C:\xampp\htdocs\propleyah\public\index.php(44): CodeIgniter\CodeIgniter->run()
#8 C:\xampp\htdocs\propleyah\system\Commands\Server\rewrite.php(45): require_once('C:\\xampp\\htdocs...')
#9 {main}
CRITICAL - 2021-01-14 08:56:21 --> Undefined variable: validation
#0 C:\xampp\htdocs\propleyah\app\Views\home\dashboard2.php(280): CodeIgniter\Debug\Exceptions->errorHandler(8, 'Undefined varia...', 'C:\\xampp\\htdocs...', 280, Array)
#1 C:\xampp\htdocs\propleyah\system\View\View.php(219): include('C:\\xampp\\htdocs...')
#2 C:\xampp\htdocs\propleyah\system\Common.php(1213): CodeIgniter\View\View->render('/home/dashboard...', Array, true)
#3 C:\xampp\htdocs\propleyah\app\Controllers\Dashboard.php(15): view('/home/dashboard...')
#4 C:\xampp\htdocs\propleyah\system\CodeIgniter.php(931): App\Controllers\Dashboard->index()
#5 C:\xampp\htdocs\propleyah\system\CodeIgniter.php(427): CodeIgniter\CodeIgniter->runController(Object(App\Controllers\Dashboard))
#6 C:\xampp\htdocs\propleyah\system\CodeIgniter.php(333): CodeIgniter\CodeIgniter->handleRequest(NULL, Object(Config\Cache), false)
#7 C:\xampp\htdocs\propleyah\public\index.php(44): CodeIgniter\CodeIgniter->run()
#8 C:\xampp\htdocs\propleyah\system\Commands\Server\rewrite.php(45): require_once('C:\\xampp\\htdocs...')
#9 {main}
CRITICAL - 2021-01-14 08:56:40 --> Undefined variable: validation
#0 C:\xampp\htdocs\propleyah\app\Views\home\dashboard2.php(280): CodeIgniter\Debug\Exceptions->errorHandler(8, 'Undefined varia...', 'C:\\xampp\\htdocs...', 280, Array)
#1 C:\xampp\htdocs\propleyah\system\View\View.php(219): include('C:\\xampp\\htdocs...')
#2 C:\xampp\htdocs\propleyah\system\Common.php(1213): CodeIgniter\View\View->render('/home/dashboard...', Array, true)
#3 C:\xampp\htdocs\propleyah\app\Controllers\Dashboard.php(15): view('/home/dashboard...')
#4 C:\xampp\htdocs\propleyah\system\CodeIgniter.php(931): App\Controllers\Dashboard->index()
#5 C:\xampp\htdocs\propleyah\system\CodeIgniter.php(427): CodeIgniter\CodeIgniter->runController(Object(App\Controllers\Dashboard))
#6 C:\xampp\htdocs\propleyah\system\CodeIgniter.php(333): CodeIgniter\CodeIgniter->handleRequest(NULL, Object(Config\Cache), false)
#7 C:\xampp\htdocs\propleyah\public\index.php(44): CodeIgniter\CodeIgniter->run()
#8 C:\xampp\htdocs\propleyah\system\Commands\Server\rewrite.php(45): require_once('C:\\xampp\\htdocs...')
#9 {main}
CRITICAL - 2021-01-14 09:03:48 --> Undefined variable: validation
#0 C:\xampp\htdocs\propleyah\app\Views\home\dashboard2.php(280): CodeIgniter\Debug\Exceptions->errorHandler(8, 'Undefined varia...', 'C:\\xampp\\htdocs...', 280, Array)
#1 C:\xampp\htdocs\propleyah\system\View\View.php(219): include('C:\\xampp\\htdocs...')
#2 C:\xampp\htdocs\propleyah\system\Common.php(1213): CodeIgniter\View\View->render('/home/dashboard...', Array, true)
#3 C:\xampp\htdocs\propleyah\app\Controllers\Dashboard.php(16): view('/home/dashboard...')
#4 C:\xampp\htdocs\propleyah\system\CodeIgniter.php(931): App\Controllers\Dashboard->index()
#5 C:\xampp\htdocs\propleyah\system\CodeIgniter.php(427): CodeIgniter\CodeIgniter->runController(Object(App\Controllers\Dashboard))
#6 C:\xampp\htdocs\propleyah\system\CodeIgniter.php(333): CodeIgniter\CodeIgniter->handleRequest(NULL, Object(Config\Cache), false)
#7 C:\xampp\htdocs\propleyah\public\index.php(44): CodeIgniter\CodeIgniter->run()
#8 C:\xampp\htdocs\propleyah\system\Commands\Server\rewrite.php(45): require_once('C:\\xampp\\htdocs...')
#9 {main}
CRITICAL - 2021-01-14 09:05:21 --> Undefined variable: validation
#0 C:\xampp\htdocs\propleyah\app\Views\home\dashboard2.php(280): CodeIgniter\Debug\Exceptions->errorHandler(8, 'Undefined varia...', 'C:\\xampp\\htdocs...', 280, Array)
#1 C:\xampp\htdocs\propleyah\system\View\View.php(219): include('C:\\xampp\\htdocs...')
#2 C:\xampp\htdocs\propleyah\system\Common.php(1213): CodeIgniter\View\View->render('/home/dashboard...', Array, true)
#3 C:\xampp\htdocs\propleyah\app\Controllers\Dashboard.php(16): view('/home/dashboard...')
#4 C:\xampp\htdocs\propleyah\system\CodeIgniter.php(931): App\Controllers\Dashboard->index()
#5 C:\xampp\htdocs\propleyah\system\CodeIgniter.php(427): CodeIgniter\CodeIgniter->runController(Object(App\Controllers\Dashboard))
#6 C:\xampp\htdocs\propleyah\system\CodeIgniter.php(333): CodeIgniter\CodeIgniter->handleRequest(NULL, Object(Config\Cache), false)
#7 C:\xampp\htdocs\propleyah\public\index.php(44): CodeIgniter\CodeIgniter->run()
#8 C:\xampp\htdocs\propleyah\system\Commands\Server\rewrite.php(45): require_once('C:\\xampp\\htdocs...')
#9 {main}
CRITICAL - 2021-01-14 09:07:00 --> Undefined variable: validation
#0 C:\xampp\htdocs\propleyah\app\Views\home\dashboard2.php(283): CodeIgniter\Debug\Exceptions->errorHandler(8, 'Undefined varia...', 'C:\\xampp\\htdocs...', 283, Array)
#1 C:\xampp\htdocs\propleyah\system\View\View.php(219): include('C:\\xampp\\htdocs...')
#2 C:\xampp\htdocs\propleyah\system\Common.php(1213): CodeIgniter\View\View->render('/home/dashboard...', Array, true)
#3 C:\xampp\htdocs\propleyah\app\Controllers\Dashboard.php(16): view('/home/dashboard...')
#4 C:\xampp\htdocs\propleyah\system\CodeIgniter.php(931): App\Controllers\Dashboard->index()
#5 C:\xampp\htdocs\propleyah\system\CodeIgniter.php(427): CodeIgniter\CodeIgniter->runController(Object(App\Controllers\Dashboard))
#6 C:\xampp\htdocs\propleyah\system\CodeIgniter.php(333): CodeIgniter\CodeIgniter->handleRequest(NULL, Object(Config\Cache), false)
#7 C:\xampp\htdocs\propleyah\public\index.php(44): CodeIgniter\CodeIgniter->run()
#8 C:\xampp\htdocs\propleyah\system\Commands\Server\rewrite.php(45): require_once('C:\\xampp\\htdocs...')
#9 {main}
CRITICAL - 2021-01-14 09:10:40 --> Undefined variable: validation
#0 C:\xampp\htdocs\propleyah\app\Views\home\dashboard2.php(280): CodeIgniter\Debug\Exceptions->errorHandler(8, 'Undefined varia...', 'C:\\xampp\\htdocs...', 280, Array)
#1 C:\xampp\htdocs\propleyah\system\View\View.php(219): include('C:\\xampp\\htdocs...')
#2 C:\xampp\htdocs\propleyah\system\Common.php(1213): CodeIgniter\View\View->render('/home/dashboard...', Array, true)
#3 C:\xampp\htdocs\propleyah\app\Controllers\Dashboard.php(16): view('/home/dashboard...')
#4 C:\xampp\htdocs\propleyah\system\CodeIgniter.php(931): App\Controllers\Dashboard->index()
#5 C:\xampp\htdocs\propleyah\system\CodeIgniter.php(427): CodeIgniter\CodeIgniter->runController(Object(App\Controllers\Dashboard))
#6 C:\xampp\htdocs\propleyah\system\CodeIgniter.php(333): CodeIgniter\CodeIgniter->handleRequest(NULL, Object(Config\Cache), false)
#7 C:\xampp\htdocs\propleyah\public\index.php(44): CodeIgniter\CodeIgniter->run()
#8 C:\xampp\htdocs\propleyah\system\Commands\Server\rewrite.php(45): require_once('C:\\xampp\\htdocs...')
#9 {main}
CRITICAL - 2021-01-14 09:12:52 --> Undefined variable: validation
#0 C:\xampp\htdocs\propleyah\app\Views\home\dashboard2.php(280): CodeIgniter\Debug\Exceptions->errorHandler(8, 'Undefined varia...', 'C:\\xampp\\htdocs...', 280, Array)
#1 C:\xampp\htdocs\propleyah\system\View\View.php(219): include('C:\\xampp\\htdocs...')
#2 C:\xampp\htdocs\propleyah\system\Common.php(1213): CodeIgniter\View\View->render('/home/dashboard...', Array, true)
#3 C:\xampp\htdocs\propleyah\app\Controllers\Dashboard.php(16): view('/home/dashboard...')
#4 C:\xampp\htdocs\propleyah\system\CodeIgniter.php(931): App\Controllers\Dashboard->index()
#5 C:\xampp\htdocs\propleyah\system\CodeIgniter.php(427): CodeIgniter\CodeIgniter->runController(Object(App\Controllers\Dashboard))
#6 C:\xampp\htdocs\propleyah\system\CodeIgniter.php(333): CodeIgniter\CodeIgniter->handleRequest(NULL, Object(Config\Cache), false)
#7 C:\xampp\htdocs\propleyah\public\index.php(44): CodeIgniter\CodeIgniter->run()
#8 C:\xampp\htdocs\propleyah\system\Commands\Server\rewrite.php(45): require_once('C:\\xampp\\htdocs...')
#9 {main}
CRITICAL - 2021-01-14 09:13:05 --> Undefined variable: validation
#0 C:\xampp\htdocs\propleyah\app\Views\home\dashboard2.php(280): CodeIgniter\Debug\Exceptions->errorHandler(8, 'Undefined varia...', 'C:\\xampp\\htdocs...', 280, Array)
#1 C:\xampp\htdocs\propleyah\system\View\View.php(219): include('C:\\xampp\\htdocs...')
#2 C:\xampp\htdocs\propleyah\system\Common.php(1213): CodeIgniter\View\View->render('/home/dashboard...', Array, true)
#3 C:\xampp\htdocs\propleyah\app\Controllers\Dashboard.php(16): view('/home/dashboard...')
#4 C:\xampp\htdocs\propleyah\system\CodeIgniter.php(931): App\Controllers\Dashboard->index()
#5 C:\xampp\htdocs\propleyah\system\CodeIgniter.php(427): CodeIgniter\CodeIgniter->runController(Object(App\Controllers\Dashboard))
#6 C:\xampp\htdocs\propleyah\system\CodeIgniter.php(333): CodeIgniter\CodeIgniter->handleRequest(NULL, Object(Config\Cache), false)
#7 C:\xampp\htdocs\propleyah\public\index.php(44): CodeIgniter\CodeIgniter->run()
#8 C:\xampp\htdocs\propleyah\system\Commands\Server\rewrite.php(45): require_once('C:\\xampp\\htdocs...')
#9 {main}
CRITICAL - 2021-01-14 09:14:29 --> Undefined variable: validation
#0 C:\xampp\htdocs\propleyah\app\Views\home\dashboard2.php(293): CodeIgniter\Debug\Exceptions->errorHandler(8, 'Undefined varia...', 'C:\\xampp\\htdocs...', 293, Array)
#1 C:\xampp\htdocs\propleyah\system\View\View.php(219): include('C:\\xampp\\htdocs...')
#2 C:\xampp\htdocs\propleyah\system\Common.php(1213): CodeIgniter\View\View->render('/home/dashboard...', Array, true)
#3 C:\xampp\htdocs\propleyah\app\Controllers\Dashboard.php(16): view('/home/dashboard...')
#4 C:\xampp\htdocs\propleyah\system\CodeIgniter.php(931): App\Controllers\Dashboard->index()
#5 C:\xampp\htdocs\propleyah\system\CodeIgniter.php(427): CodeIgniter\CodeIgniter->runController(Object(App\Controllers\Dashboard))
#6 C:\xampp\htdocs\propleyah\system\CodeIgniter.php(333): CodeIgniter\CodeIgniter->handleRequest(NULL, Object(Config\Cache), false)
#7 C:\xampp\htdocs\propleyah\public\index.php(44): CodeIgniter\CodeIgniter->run()
#8 C:\xampp\htdocs\propleyah\system\Commands\Server\rewrite.php(45): require_once('C:\\xampp\\htdocs...')
#9 {main}
CRITICAL - 2021-01-14 11:36:18 --> Undefined variable: obat
#0 C:\xampp\htdocs\propleyah\app\Views\test.php(18): CodeIgniter\Debug\Exceptions->errorHandler(8, 'Undefined varia...', 'C:\\xampp\\htdocs...', 18, Array)
#1 C:\xampp\htdocs\propleyah\system\View\View.php(219): include('C:\\xampp\\htdocs...')
#2 C:\xampp\htdocs\propleyah\system\Common.php(1213): CodeIgniter\View\View->render('test', Array, true)
#3 C:\xampp\htdocs\propleyah\app\Controllers\Home.php(9): view('test')
#4 C:\xampp\htdocs\propleyah\system\CodeIgniter.php(931): App\Controllers\Home->index()
#5 C:\xampp\htdocs\propleyah\system\CodeIgniter.php(427): CodeIgniter\CodeIgniter->runController(Object(App\Controllers\Home))
#6 C:\xampp\htdocs\propleyah\system\CodeIgniter.php(333): CodeIgniter\CodeIgniter->handleRequest(NULL, Object(Config\Cache), false)
#7 C:\xampp\htdocs\propleyah\public\index.php(44): CodeIgniter\CodeIgniter->run()
#8 C:\xampp\htdocs\propleyah\system\Commands\Server\rewrite.php(45): require_once('C:\\xampp\\htdocs...')
#9 {main}
CRITICAL - 2021-01-14 20:34:59 --> Undefined variable: transportasi
#0 C:\xampp\htdocs\propleyah\app\Views\home\edittrans.php(18): CodeIgniter\Debug\Exceptions->errorHandler(8, 'Undefined varia...', 'C:\\xampp\\htdocs...', 18, Array)
#1 C:\xampp\htdocs\propleyah\system\View\View.php(219): include('C:\\xampp\\htdocs...')
#2 C:\xampp\htdocs\propleyah\system\Common.php(1213): CodeIgniter\View\View->render('home/edittrans', Array, true)
#3 C:\xampp\htdocs\propleyah\app\Controllers\Home.php(9): view('home/edittrans')
#4 C:\xampp\htdocs\propleyah\system\CodeIgniter.php(931): App\Controllers\Home->index()
#5 C:\xampp\htdocs\propleyah\system\CodeIgniter.php(427): CodeIgniter\CodeIgniter->runController(Object(App\Controllers\Home))
#6 C:\xampp\htdocs\propleyah\system\CodeIgniter.php(333): CodeIgniter\CodeIgniter->handleRequest(NULL, Object(Config\Cache), false)
#7 C:\xampp\htdocs\propleyah\public\index.php(44): CodeIgniter\CodeIgniter->run()
#8 C:\xampp\htdocs\propleyah\system\Commands\Server\rewrite.php(45): require_once('C:\\xampp\\htdocs...')
#9 {main}
CRITICAL - 2021-01-14 20:35:37 --> Undefined variable: transportasi
#0 C:\xampp\htdocs\propleyah\app\Views\home\edittrans.php(18): CodeIgniter\Debug\Exceptions->errorHandler(8, 'Undefined varia...', 'C:\\xampp\\htdocs...', 18, Array)
#1 C:\xampp\htdocs\propleyah\system\View\View.php(219): include('C:\\xampp\\htdocs...')
#2 C:\xampp\htdocs\propleyah\system\Common.php(1213): CodeIgniter\View\View->render('home/edittrans', Array, true)
#3 C:\xampp\htdocs\propleyah\app\Controllers\Home.php(9): view('home/edittrans')
#4 C:\xampp\htdocs\propleyah\system\CodeIgniter.php(931): App\Controllers\Home->index()
#5 C:\xampp\htdocs\propleyah\system\CodeIgniter.php(427): CodeIgniter\CodeIgniter->runController(Object(App\Controllers\Home))
#6 C:\xampp\htdocs\propleyah\system\CodeIgniter.php(333): CodeIgniter\CodeIgniter->handleRequest(NULL, Object(Config\Cache), false)
#7 C:\xampp\htdocs\propleyah\public\index.php(44): CodeIgniter\CodeIgniter->run()
#8 C:\xampp\htdocs\propleyah\system\Commands\Server\rewrite.php(45): require_once('C:\\xampp\\htdocs...')
#9 {main}
CRITICAL - 2021-01-14 20:38:31 --> Undefined variable: transportasi
#0 C:\xampp\htdocs\propleyah\app\Views\home\edittrans.php(18): CodeIgniter\Debug\Exceptions->errorHandler(8, 'Undefined varia...', 'C:\\xampp\\htdocs...', 18, Array)
#1 C:\xampp\htdocs\propleyah\system\View\View.php(219): include('C:\\xampp\\htdocs...')
#2 C:\xampp\htdocs\propleyah\system\Common.php(1213): CodeIgniter\View\View->render('home/edittrans', Array, true)
#3 C:\xampp\htdocs\propleyah\app\Controllers\Home.php(9): view('home/edittrans')
#4 C:\xampp\htdocs\propleyah\system\CodeIgniter.php(931): App\Controllers\Home->index()
#5 C:\xampp\htdocs\propleyah\system\CodeIgniter.php(427): CodeIgniter\CodeIgniter->runController(Object(App\Controllers\Home))
#6 C:\xampp\htdocs\propleyah\system\CodeIgniter.php(333): CodeIgniter\CodeIgniter->handleRequest(NULL, Object(Config\Cache), false)
#7 C:\xampp\htdocs\propleyah\public\index.php(44): CodeIgniter\CodeIgniter->run()
#8 C:\xampp\htdocs\propleyah\system\Commands\Server\rewrite.php(45): require_once('C:\\xampp\\htdocs...')
#9 {main}
CRITICAL - 2021-01-14 20:39:19 --> Undefined variable: transportasi
#0 C:\xampp\htdocs\propleyah\app\Views\home\edittrans.php(18): CodeIgniter\Debug\Exceptions->errorHandler(8, 'Undefined varia...', 'C:\\xampp\\htdocs...', 18, Array)
#1 C:\xampp\htdocs\propleyah\system\View\View.php(219): include('C:\\xampp\\htdocs...')
#2 C:\xampp\htdocs\propleyah\system\Common.php(1213): CodeIgniter\View\View->render('home/edittrans', Array, true)
#3 C:\xampp\htdocs\propleyah\app\Controllers\Home.php(12): view('home/edittrans')
#4 C:\xampp\htdocs\propleyah\system\CodeIgniter.php(931): App\Controllers\Home->index()
#5 C:\xampp\htdocs\propleyah\system\CodeIgniter.php(427): CodeIgniter\CodeIgniter->runController(Object(App\Controllers\Home))
#6 C:\xampp\htdocs\propleyah\system\CodeIgniter.php(333): CodeIgniter\CodeIgniter->handleRequest(NULL, Object(Config\Cache), false)
#7 C:\xampp\htdocs\propleyah\public\index.php(44): CodeIgniter\CodeIgniter->run()
#8 C:\xampp\htdocs\propleyah\system\Commands\Server\rewrite.php(45): require_once('C:\\xampp\\htdocs...')
#9 {main}
CRITICAL - 2021-01-14 21:12:30 --> Undefined variable: ob
#0 C:\xampp\htdocs\propleyah\app\Views\home\dashboard.php(70): CodeIgniter\Debug\Exceptions->errorHandler(8, 'Undefined varia...', 'C:\\xampp\\htdocs...', 70, Array)
#1 C:\xampp\htdocs\propleyah\system\View\View.php(219): include('C:\\xampp\\htdocs...')
#2 C:\xampp\htdocs\propleyah\system\Common.php(1213): CodeIgniter\View\View->render('/home/dashboard', Array, true)
#3 C:\xampp\htdocs\propleyah\app\Controllers\Dashboard.php(15): view('/home/dashboard')
#4 C:\xampp\htdocs\propleyah\system\CodeIgniter.php(931): App\Controllers\Dashboard->index()
#5 C:\xampp\htdocs\propleyah\system\CodeIgniter.php(427): CodeIgniter\CodeIgniter->runController(Object(App\Controllers\Dashboard))
#6 C:\xampp\htdocs\propleyah\system\CodeIgniter.php(333): CodeIgniter\CodeIgniter->handleRequest(NULL, Object(Config\Cache), false)
#7 C:\xampp\htdocs\propleyah\public\index.php(44): CodeIgniter\CodeIgniter->run()
#8 C:\xampp\htdocs\propleyah\system\Commands\Server\rewrite.php(45): require_once('C:\\xampp\\htdocs...')
#9 {main}
CRITICAL - 2021-01-14 21:36:39 --> Undefined variable: tr
#0 C:\xampp\htdocs\propleyah\app\Views\list\bus.php(78): CodeIgniter\Debug\Exceptions->errorHandler(8, 'Undefined varia...', 'C:\\xampp\\htdocs...', 78, Array)
#1 C:\xampp\htdocs\propleyah\system\View\View.php(219): include('C:\\xampp\\htdocs...')
#2 C:\xampp\htdocs\propleyah\system\Common.php(1213): CodeIgniter\View\View->render('list/bus', Array, true)
#3 C:\xampp\htdocs\propleyah\app\Controllers\Daftar.php(52): view('list/bus')
#4 C:\xampp\htdocs\propleyah\system\CodeIgniter.php(931): App\Controllers\Daftar->bus()
#5 C:\xampp\htdocs\propleyah\system\CodeIgniter.php(427): CodeIgniter\CodeIgniter->runController(Object(App\Controllers\Daftar))
#6 C:\xampp\htdocs\propleyah\system\CodeIgniter.php(333): CodeIgniter\CodeIgniter->handleRequest(NULL, Object(Config\Cache), false)
#7 C:\xampp\htdocs\propleyah\public\index.php(44): CodeIgniter\CodeIgniter->run()
#8 C:\xampp\htdocs\propleyah\system\Commands\Server\rewrite.php(45): require_once('C:\\xampp\\htdocs...')
#9 {main}
CRITICAL - 2021-01-14 21:58:30 --> Call to undefined method App\Models\TransModel::getTrans
#0 C:\xampp\htdocs\propleyah\app\Controllers\Dashboard.php(20): CodeIgniter\Model->__call('getTrans', Array)
#1 C:\xampp\htdocs\propleyah\system\CodeIgniter.php(931): App\Controllers\Dashboard->index()
#2 C:\xampp\htdocs\propleyah\system\CodeIgniter.php(427): CodeIgniter\CodeIgniter->runController(Object(App\Controllers\Dashboard))
#3 C:\xampp\htdocs\propleyah\system\CodeIgniter.php(333): CodeIgniter\CodeIgniter->handleRequest(NULL, Object(Config\Cache), false)
#4 C:\xampp\htdocs\propleyah\public\index.php(44): CodeIgniter\CodeIgniter->run()
#5 C:\xampp\htdocs\propleyah\system\Commands\Server\rewrite.php(45): require_once('C:\\xampp\\htdocs...')
#6 {main}
CRITICAL - 2021-01-14 22:00:34 --> Too few arguments to function App\Models\TransModel::getTrans(), 0 passed in C:\xampp\htdocs\propleyah\app\Controllers\Dashboard.php on line 20 and exactly 1 expected
#0 C:\xampp\htdocs\propleyah\app\Controllers\Dashboard.php(20): App\Models\TransModel->getTrans()
#1 C:\xampp\htdocs\propleyah\system\CodeIgniter.php(931): App\Controllers\Dashboard->index()
#2 C:\xampp\htdocs\propleyah\system\CodeIgniter.php(427): CodeIgniter\CodeIgniter->runController(Object(App\Controllers\Dashboard))
#3 C:\xampp\htdocs\propleyah\system\CodeIgniter.php(333): CodeIgniter\CodeIgniter->handleRequest(NULL, Object(Config\Cache), false)
#4 C:\xampp\htdocs\propleyah\public\index.php(44): CodeIgniter\CodeIgniter->run()
#5 C:\xampp\htdocs\propleyah\system\Commands\Server\rewrite.php(45): require_once('C:\\xampp\\htdocs...')
#6 {main}
CRITICAL - 2021-01-14 22:00:54 --> Too few arguments to function App\Models\UserModel::getUser(), 0 passed in C:\xampp\htdocs\propleyah\app\Controllers\Dashboard.php on line 21 and exactly 1 expected
#0 C:\xampp\htdocs\propleyah\app\Controllers\Dashboard.php(21): App\Models\UserModel->getUser()
#1 C:\xampp\htdocs\propleyah\system\CodeIgniter.php(931): App\Controllers\Dashboard->index()
#2 C:\xampp\htdocs\propleyah\system\CodeIgniter.php(427): CodeIgniter\CodeIgniter->runController(Object(App\Controllers\Dashboard))
#3 C:\xampp\htdocs\propleyah\system\CodeIgniter.php(333): CodeIgniter\CodeIgniter->handleRequest(NULL, Object(Config\Cache), false)
#4 C:\xampp\htdocs\propleyah\public\index.php(44): CodeIgniter\CodeIgniter->run()
#5 C:\xampp\htdocs\propleyah\system\Commands\Server\rewrite.php(45): require_once('C:\\xampp\\htdocs...')
#6 {main}
CRITICAL - 2021-01-14 22:01:27 --> Too few arguments to function App\Models\UserModel::getUser(), 0 passed in C:\xampp\htdocs\propleyah\app\Controllers\Dashboard.php on line 21 and exactly 1 expected
#0 C:\xampp\htdocs\propleyah\app\Controllers\Dashboard.php(21): App\Models\UserModel->getUser()
#1 C:\xampp\htdocs\propleyah\system\CodeIgniter.php(931): App\Controllers\Dashboard->index()
#2 C:\xampp\htdocs\propleyah\system\CodeIgniter.php(427): CodeIgniter\CodeIgniter->runController(Object(App\Controllers\Dashboard))
#3 C:\xampp\htdocs\propleyah\system\CodeIgniter.php(333): CodeIgniter\CodeIgniter->handleRequest(NULL, Object(Config\Cache), false)
#4 C:\xampp\htdocs\propleyah\public\index.php(44): CodeIgniter\CodeIgniter->run()
#5 C:\xampp\htdocs\propleyah\system\Commands\Server\rewrite.php(45): require_once('C:\\xampp\\htdocs...')
#6 {main}
CRITICAL - 2021-01-14 22:01:47 --> Too few arguments to function App\Models\UserModel::getUser(), 0 passed in C:\xampp\htdocs\propleyah\app\Controllers\Dashboard.php on line 21 and exactly 1 expected
#0 C:\xampp\htdocs\propleyah\app\Controllers\Dashboard.php(21): App\Models\UserModel->getUser()
#1 C:\xampp\htdocs\propleyah\system\CodeIgniter.php(931): App\Controllers\Dashboard->index()
#2 C:\xampp\htdocs\propleyah\system\CodeIgniter.php(427): CodeIgniter\CodeIgniter->runController(Object(App\Controllers\Dashboard))
#3 C:\xampp\htdocs\propleyah\system\CodeIgniter.php(333): CodeIgniter\CodeIgniter->handleRequest(NULL, Object(Config\Cache), false)
#4 C:\xampp\htdocs\propleyah\public\index.php(44): CodeIgniter\CodeIgniter->run()
#5 C:\xampp\htdocs\propleyah\system\Commands\Server\rewrite.php(45): require_once('C:\\xampp\\htdocs...')
#6 {main}
CRITICAL - 2021-01-14 22:02:45 --> Too few arguments to function App\Models\UserModel::getUser(), 0 passed in C:\xampp\htdocs\propleyah\app\Controllers\Dashboard.php on line 21 and exactly 1 expected
#0 C:\xampp\htdocs\propleyah\app\Controllers\Dashboard.php(21): App\Models\UserModel->getUser()
#1 C:\xampp\htdocs\propleyah\system\CodeIgniter.php(931): App\Controllers\Dashboard->index()
#2 C:\xampp\htdocs\propleyah\system\CodeIgniter.php(427): CodeIgniter\CodeIgniter->runController(Object(App\Controllers\Dashboard))
#3 C:\xampp\htdocs\propleyah\system\CodeIgniter.php(333): CodeIgniter\CodeIgniter->handleRequest(NULL, Object(Config\Cache), false)
#4 C:\xampp\htdocs\propleyah\public\index.php(44): CodeIgniter\CodeIgniter->run()
#5 C:\xampp\htdocs\propleyah\system\Commands\Server\rewrite.php(45): require_once('C:\\xampp\\htdocs...')
#6 {main}
CRITICAL - 2021-01-14 22:12:17 --> Undefined variable: validation
#0 C:\xampp\htdocs\propleyah\app\Views\startup\login.php(83): CodeIgniter\Debug\Exceptions->errorHandler(8, 'Undefined varia...', 'C:\\xampp\\htdocs...', 83, Array)
#1 C:\xampp\htdocs\propleyah\system\View\View.php(219): include('C:\\xampp\\htdocs...')
#2 C:\xampp\htdocs\propleyah\system\Common.php(1213): CodeIgniter\View\View->render('/startup/login', Array, true)
#3 C:\xampp\htdocs\propleyah\app\Controllers\Login.php(24): view('/startup/login')
#4 C:\xampp\htdocs\propleyah\system\CodeIgniter.php(931): App\Controllers\Login->login()
#5 C:\xampp\htdocs\propleyah\system\CodeIgniter.php(427): CodeIgniter\CodeIgniter->runController(Object(App\Controllers\Login))
#6 C:\xampp\htdocs\propleyah\system\CodeIgniter.php(333): CodeIgniter\CodeIgniter->handleRequest(NULL, Object(Config\Cache), false)
#7 C:\xampp\htdocs\propleyah\public\index.php(44): CodeIgniter\CodeIgniter->run()
#8 C:\xampp\htdocs\propleyah\system\Commands\Server\rewrite.php(45): require_once('C:\\xampp\\htdocs...')
#9 {main}
CRITICAL - 2021-01-14 22:13:12 --> Too few arguments to function App\Models\UserModel::getUser(), 0 passed in C:\xampp\htdocs\propleyah\app\Controllers\Login.php on line 18 and exactly 1 expected
#0 C:\xampp\htdocs\propleyah\app\Controllers\Login.php(18): App\Models\UserModel->getUser()
#1 C:\xampp\htdocs\propleyah\system\CodeIgniter.php(931): App\Controllers\Login->login()
#2 C:\xampp\htdocs\propleyah\system\CodeIgniter.php(427): CodeIgniter\CodeIgniter->runController(Object(App\Controllers\Login))
#3 C:\xampp\htdocs\propleyah\system\CodeIgniter.php(333): CodeIgniter\CodeIgniter->handleRequest(NULL, Object(Config\Cache), false)
#4 C:\xampp\htdocs\propleyah\public\index.php(44): CodeIgniter\CodeIgniter->run()
#5 C:\xampp\htdocs\propleyah\system\Commands\Server\rewrite.php(45): require_once('C:\\xampp\\htdocs...')
#6 {main}
CRITICAL - 2021-01-14 22:14:01 --> Undefined variable: validation
#0 C:\xampp\htdocs\propleyah\app\Views\startup\login.php(83): CodeIgniter\Debug\Exceptions->errorHandler(8, 'Undefined varia...', 'C:\\xampp\\htdocs...', 83, Array)
#1 C:\xampp\htdocs\propleyah\system\View\View.php(219): include('C:\\xampp\\htdocs...')
#2 C:\xampp\htdocs\propleyah\system\Common.php(1213): CodeIgniter\View\View->render('/startup/login', Array, true)
#3 C:\xampp\htdocs\propleyah\app\Controllers\Login.php(24): view('/startup/login')
#4 C:\xampp\htdocs\propleyah\system\CodeIgniter.php(931): App\Controllers\Login->login()
#5 C:\xampp\htdocs\propleyah\system\CodeIgniter.php(427): CodeIgniter\CodeIgniter->runController(Object(App\Controllers\Login))
#6 C:\xampp\htdocs\propleyah\system\CodeIgniter.php(333): CodeIgniter\CodeIgniter->handleRequest(NULL, Object(Config\Cache), false)
#7 C:\xampp\htdocs\propleyah\public\index.php(44): CodeIgniter\CodeIgniter->run()
#8 C:\xampp\htdocs\propleyah\system\Commands\Server\rewrite.php(45): require_once('C:\\xampp\\htdocs...')
#9 {main}
CRITICAL - 2021-01-14 22:15:33 --> Class 'App\Controllers\TransModel' not found
#0 C:\xampp\htdocs\propleyah\system\CodeIgniter.php(903): App\Controllers\Daftar->__construct()
#1 C:\xampp\htdocs\propleyah\system\CodeIgniter.php(417): CodeIgniter\CodeIgniter->createController()
#2 C:\xampp\htdocs\propleyah\system\CodeIgniter.php(333): CodeIgniter\CodeIgniter->handleRequest(NULL, Object(Config\Cache), false)
#3 C:\xampp\htdocs\propleyah\public\index.php(44): CodeIgniter\CodeIgniter->run()
#4 C:\xampp\htdocs\propleyah\system\Commands\Server\rewrite.php(45): require_once('C:\\xampp\\htdocs...')
#5 {main}
CRITICAL - 2021-01-14 22:19:01 --> Undefined variable: tiket
#0 C:\xampp\htdocs\propleyah\app\Views\list\pesawat.php(131): CodeIgniter\Debug\Exceptions->errorHandler(8, 'Undefined varia...', 'C:\\xampp\\htdocs...', 131, Array)
#1 C:\xampp\htdocs\propleyah\system\View\View.php(219): include('C:\\xampp\\htdocs...')
#2 C:\xampp\htdocs\propleyah\system\Common.php(1213): CodeIgniter\View\View->render('list/pesawat', Array, true)
#3 C:\xampp\htdocs\propleyah\app\Controllers\Daftar.php(34): view('list/pesawat')
#4 C:\xampp\htdocs\propleyah\system\CodeIgniter.php(931): App\Controllers\Daftar->pesawat()
#5 C:\xampp\htdocs\propleyah\system\CodeIgniter.php(427): CodeIgniter\CodeIgniter->runController(Object(App\Controllers\Daftar))
#6 C:\xampp\htdocs\propleyah\system\CodeIgniter.php(333): CodeIgniter\CodeIgniter->handleRequest(NULL, Object(Config\Cache), false)
#7 C:\xampp\htdocs\propleyah\public\index.php(44): CodeIgniter\CodeIgniter->run()
#8 C:\xampp\htdocs\propleyah\system\Commands\Server\rewrite.php(45): require_once('C:\\xampp\\htdocs...')
#9 {main}
CRITICAL - 2021-01-14 22:22:02 --> Undefined variable: tiket
#0 C:\xampp\htdocs\propleyah\app\Views\list\pesawat.php(131): CodeIgniter\Debug\Exceptions->errorHandler(8, 'Undefined varia...', 'C:\\xampp\\htdocs...', 131, Array)
#1 C:\xampp\htdocs\propleyah\system\View\View.php(219): include('C:\\xampp\\htdocs...')
#2 C:\xampp\htdocs\propleyah\system\Common.php(1213): CodeIgniter\View\View->render('list/pesawat', Array, true)
#3 C:\xampp\htdocs\propleyah\app\Controllers\Daftar.php(34): view('list/pesawat')
#4 C:\xampp\htdocs\propleyah\system\CodeIgniter.php(931): App\Controllers\Daftar->pesawat()
#5 C:\xampp\htdocs\propleyah\system\CodeIgniter.php(427): CodeIgniter\CodeIgniter->runController(Object(App\Controllers\Daftar))
#6 C:\xampp\htdocs\propleyah\system\CodeIgniter.php(333): CodeIgniter\CodeIgniter->handleRequest(NULL, Object(Config\Cache), false)
#7 C:\xampp\htdocs\propleyah\public\index.php(44): CodeIgniter\CodeIgniter->run()
#8 C:\xampp\htdocs\propleyah\system\Commands\Server\rewrite.php(45): require_once('C:\\xampp\\htdocs...')
#9 {main}
CRITICAL - 2021-01-14 22:23:11 --> Undefined variable: tiket
#0 C:\xampp\htdocs\propleyah\app\Views\list\pesawat.php(131): CodeIgniter\Debug\Exceptions->errorHandler(8, 'Undefined varia...', 'C:\\xampp\\htdocs...', 131, Array)
#1 C:\xampp\htdocs\propleyah\system\View\View.php(219): include('C:\\xampp\\htdocs...')
#2 C:\xampp\htdocs\propleyah\system\Common.php(1213): CodeIgniter\View\View->render('list/pesawat', Array, true)
#3 C:\xampp\htdocs\propleyah\app\Controllers\Daftar.php(37): view('list/pesawat')
#4 C:\xampp\htdocs\propleyah\system\CodeIgniter.php(931): App\Controllers\Daftar->pesawat()
#5 C:\xampp\htdocs\propleyah\system\CodeIgniter.php(427): CodeIgniter\CodeIgniter->runController(Object(App\Controllers\Daftar))
#6 C:\xampp\htdocs\propleyah\system\CodeIgniter.php(333): CodeIgniter\CodeIgniter->handleRequest(NULL, Object(Config\Cache), false)
#7 C:\xampp\htdocs\propleyah\public\index.php(44): CodeIgniter\CodeIgniter->run()
#8 C:\xampp\htdocs\propleyah\system\Commands\Server\rewrite.php(45): require_once('C:\\xampp\\htdocs...')
#9 {main}
CRITICAL - 2021-01-14 22:23:44 --> Undefined variable: tiket
#0 C:\xampp\htdocs\propleyah\app\Views\list\pesawat.php(131): CodeIgniter\Debug\Exceptions->errorHandler(8, 'Undefined varia...', 'C:\\xampp\\htdocs...', 131, Array)
#1 C:\xampp\htdocs\propleyah\system\View\View.php(219): include('C:\\xampp\\htdocs...')
#2 C:\xampp\htdocs\propleyah\system\Common.php(1213): CodeIgniter\View\View->render('list/pesawat', Array, true)
#3 C:\xampp\htdocs\propleyah\app\Controllers\Daftar.php(37): view('list/pesawat')
#4 C:\xampp\htdocs\propleyah\system\CodeIgniter.php(931): App\Controllers\Daftar->pesawat()
#5 C:\xampp\htdocs\propleyah\system\CodeIgniter.php(427): CodeIgniter\CodeIgniter->runController(Object(App\Controllers\Daftar))
#6 C:\xampp\htdocs\propleyah\system\CodeIgniter.php(333): CodeIgniter\CodeIgniter->handleRequest(NULL, Object(Config\Cache), false)
#7 C:\xampp\htdocs\propleyah\public\index.php(44): CodeIgniter\CodeIgniter->run()
#8 C:\xampp\htdocs\propleyah\system\Commands\Server\rewrite.php(45): require_once('C:\\xampp\\htdocs...')
#9 {main}
CRITICAL - 2021-01-14 22:24:24 --> Undefined variable: tiket
#0 C:\xampp\htdocs\propleyah\app\Views\list\pesawat.php(131): CodeIgniter\Debug\Exceptions->errorHandler(8, 'Undefined varia...', 'C:\\xampp\\htdocs...', 131, Array)
#1 C:\xampp\htdocs\propleyah\system\View\View.php(219): include('C:\\xampp\\htdocs...')
#2 C:\xampp\htdocs\propleyah\system\Common.php(1213): CodeIgniter\View\View->render('list/pesawat', Array, true)
#3 C:\xampp\htdocs\propleyah\app\Controllers\Daftar.php(37): view('list/pesawat')
#4 C:\xampp\htdocs\propleyah\system\CodeIgniter.php(931): App\Controllers\Daftar->pesawat()
#5 C:\xampp\htdocs\propleyah\system\CodeIgniter.php(427): CodeIgniter\CodeIgniter->runController(Object(App\Controllers\Daftar))
#6 C:\xampp\htdocs\propleyah\system\CodeIgniter.php(333): CodeIgniter\CodeIgniter->handleRequest(NULL, Object(Config\Cache), false)
#7 C:\xampp\htdocs\propleyah\public\index.php(44): CodeIgniter\CodeIgniter->run()
#8 C:\xampp\htdocs\propleyah\system\Commands\Server\rewrite.php(45): require_once('C:\\xampp\\htdocs...')
#9 {main}
CRITICAL - 2021-01-14 22:24:31 --> Undefined variable: data
#0 C:\xampp\htdocs\propleyah\app\Controllers\Daftar.php(37): CodeIgniter\Debug\Exceptions->errorHandler(8, 'Undefined varia...', 'C:\\xampp\\htdocs...', 37, Array)
#1 C:\xampp\htdocs\propleyah\system\CodeIgniter.php(931): App\Controllers\Daftar->pesawat()
#2 C:\xampp\htdocs\propleyah\system\CodeIgniter.php(427): CodeIgniter\CodeIgniter->runController(Object(App\Controllers\Daftar))
#3 C:\xampp\htdocs\propleyah\system\CodeIgniter.php(333): CodeIgniter\CodeIgniter->handleRequest(NULL, Object(Config\Cache), false)
#4 C:\xampp\htdocs\propleyah\public\index.php(44): CodeIgniter\CodeIgniter->run()
#5 C:\xampp\htdocs\propleyah\system\Commands\Server\rewrite.php(45): require_once('C:\\xampp\\htdocs...')
#6 {main}
CRITICAL - 2021-01-14 22:24:46 --> Undefined variable: tiket
#0 C:\xampp\htdocs\propleyah\app\Views\list\pesawat.php(131): CodeIgniter\Debug\Exceptions->errorHandler(8, 'Undefined varia...', 'C:\\xampp\\htdocs...', 131, Array)
#1 C:\xampp\htdocs\propleyah\system\View\View.php(219): include('C:\\xampp\\htdocs...')
#2 C:\xampp\htdocs\propleyah\system\Common.php(1213): CodeIgniter\View\View->render('list/pesawat', Array, true)
#3 C:\xampp\htdocs\propleyah\app\Controllers\Daftar.php(37): view('list/pesawat')
#4 C:\xampp\htdocs\propleyah\system\CodeIgniter.php(931): App\Controllers\Daftar->pesawat()
#5 C:\xampp\htdocs\propleyah\system\CodeIgniter.php(427): CodeIgniter\CodeIgniter->runController(Object(App\Controllers\Daftar))
#6 C:\xampp\htdocs\propleyah\system\CodeIgniter.php(333): CodeIgniter\CodeIgniter->handleRequest(NULL, Object(Config\Cache), false)
#7 C:\xampp\htdocs\propleyah\public\index.php(44): CodeIgniter\CodeIgniter->run()
#8 C:\xampp\htdocs\propleyah\system\Commands\Server\rewrite.php(45): require_once('C:\\xampp\\htdocs...')
#9 {main}
CRITICAL - 2021-01-14 22:26:47 --> Too few arguments to function App\Models\UserModel::getUser(), 0 passed in C:\xampp\htdocs\propleyah\app\Controllers\Daftar.php on line 20 and exactly 1 expected
#0 C:\xampp\htdocs\propleyah\app\Controllers\Daftar.php(20): App\Models\UserModel->getUser()
#1 C:\xampp\htdocs\propleyah\system\CodeIgniter.php(903): App\Controllers\Daftar->__construct()
#2 C:\xampp\htdocs\propleyah\system\CodeIgniter.php(417): CodeIgniter\CodeIgniter->createController()
#3 C:\xampp\htdocs\propleyah\system\CodeIgniter.php(333): CodeIgniter\CodeIgniter->handleRequest(NULL, Object(Config\Cache), false)
#4 C:\xampp\htdocs\propleyah\public\index.php(44): CodeIgniter\CodeIgniter->run()
#5 C:\xampp\htdocs\propleyah\system\Commands\Server\rewrite.php(45): require_once('C:\\xampp\\htdocs...')
#6 {main}
CRITICAL - 2021-01-14 22:27:15 --> Undefined variable: tiket
#0 C:\xampp\htdocs\propleyah\app\Views\list\pesawat.php(131): CodeIgniter\Debug\Exceptions->errorHandler(8, 'Undefined varia...', 'C:\\xampp\\htdocs...', 131, Array)
#1 C:\xampp\htdocs\propleyah\system\View\View.php(219): include('C:\\xampp\\htdocs...')
#2 C:\xampp\htdocs\propleyah\system\Common.php(1213): CodeIgniter\View\View->render('list/pesawat', Array, true)
#3 C:\xampp\htdocs\propleyah\app\Controllers\Daftar.php(39): view('list/pesawat')
#4 C:\xampp\htdocs\propleyah\system\CodeIgniter.php(931): App\Controllers\Daftar->pesawat()
#5 C:\xampp\htdocs\propleyah\system\CodeIgniter.php(427): CodeIgniter\CodeIgniter->runController(Object(App\Controllers\Daftar))
#6 C:\xampp\htdocs\propleyah\system\CodeIgniter.php(333): CodeIgniter\CodeIgniter->handleRequest(NULL, Object(Config\Cache), false)
#7 C:\xampp\htdocs\propleyah\public\index.php(44): CodeIgniter\CodeIgniter->run()
#8 C:\xampp\htdocs\propleyah\system\Commands\Server\rewrite.php(45): require_once('C:\\xampp\\htdocs...')
#9 {main}
CRITICAL - 2021-01-14 22:27:32 --> Undefined variable: data
#0 C:\xampp\htdocs\propleyah\app\Controllers\Daftar.php(39): CodeIgniter\Debug\Exceptions->errorHandler(8, 'Undefined varia...', 'C:\\xampp\\htdocs...', 39, Array)
#1 C:\xampp\htdocs\propleyah\system\CodeIgniter.php(931): App\Controllers\Daftar->pesawat()
#2 C:\xampp\htdocs\propleyah\system\CodeIgniter.php(427): CodeIgniter\CodeIgniter->runController(Object(App\Controllers\Daftar))
#3 C:\xampp\htdocs\propleyah\system\CodeIgniter.php(333): CodeIgniter\CodeIgniter->handleRequest(NULL, Object(Config\Cache), false)
#4 C:\xampp\htdocs\propleyah\public\index.php(44): CodeIgniter\CodeIgniter->run()
#5 C:\xampp\htdocs\propleyah\system\Commands\Server\rewrite.php(45): require_once('C:\\xampp\\htdocs...')
#6 {main}
CRITICAL - 2021-01-14 22:27:56 --> Undefined variable: tiket
#0 C:\xampp\htdocs\propleyah\app\Views\list\pesawat.php(131): CodeIgniter\Debug\Exceptions->errorHandler(8, 'Undefined varia...', 'C:\\xampp\\htdocs...', 131, Array)
#1 C:\xampp\htdocs\propleyah\system\View\View.php(219): include('C:\\xampp\\htdocs...')
#2 C:\xampp\htdocs\propleyah\system\Common.php(1213): CodeIgniter\View\View->render('list/pesawat', Array, true)
#3 C:\xampp\htdocs\propleyah\app\Controllers\Daftar.php(39): view('list/pesawat')
#4 C:\xampp\htdocs\propleyah\system\CodeIgniter.php(931): App\Controllers\Daftar->pesawat()
#5 C:\xampp\htdocs\propleyah\system\CodeIgniter.php(427): CodeIgniter\CodeIgniter->runController(Object(App\Controllers\Daftar))
#6 C:\xampp\htdocs\propleyah\system\CodeIgniter.php(333): CodeIgniter\CodeIgniter->handleRequest(NULL, Object(Config\Cache), false)
#7 C:\xampp\htdocs\propleyah\public\index.php(44): CodeIgniter\CodeIgniter->run()
#8 C:\xampp\htdocs\propleyah\system\Commands\Server\rewrite.php(45): require_once('C:\\xampp\\htdocs...')
#9 {main}
CRITICAL - 2021-01-14 22:27:58 --> Undefined variable: tiket
#0 C:\xampp\htdocs\propleyah\app\Views\list\pesawat.php(131): CodeIgniter\Debug\Exceptions->errorHandler(8, 'Undefined varia...', 'C:\\xampp\\htdocs...', 131, Array)
#1 C:\xampp\htdocs\propleyah\system\View\View.php(219): include('C:\\xampp\\htdocs...')
#2 C:\xampp\htdocs\propleyah\system\Common.php(1213): CodeIgniter\View\View->render('list/pesawat', Array, true)
#3 C:\xampp\htdocs\propleyah\app\Controllers\Daftar.php(39): view('list/pesawat')
#4 C:\xampp\htdocs\propleyah\system\CodeIgniter.php(931): App\Controllers\Daftar->pesawat()
#5 C:\xampp\htdocs\propleyah\system\CodeIgniter.php(427): CodeIgniter\CodeIgniter->runController(Object(App\Controllers\Daftar))
#6 C:\xampp\htdocs\propleyah\system\CodeIgniter.php(333): CodeIgniter\CodeIgniter->handleRequest(NULL, Object(Config\Cache), false)
#7 C:\xampp\htdocs\propleyah\public\index.php(44): CodeIgniter\CodeIgniter->run()
#8 C:\xampp\htdocs\propleyah\system\Commands\Server\rewrite.php(45): require_once('C:\\xampp\\htdocs...')
#9 {main}
CRITICAL - 2021-01-14 22:29:59 --> Undefined variable: tiket
#0 C:\xampp\htdocs\propleyah\app\Views\list\pesawat.php(131): CodeIgniter\Debug\Exceptions->errorHandler(8, 'Undefined varia...', 'C:\\xampp\\htdocs...', 131, Array)
#1 C:\xampp\htdocs\propleyah\system\View\View.php(219): include('C:\\xampp\\htdocs...')
#2 C:\xampp\htdocs\propleyah\system\Common.php(1213): CodeIgniter\View\View->render('list/pesawat', Array, true)
#3 C:\xampp\htdocs\propleyah\app\Controllers\Daftar.php(39): view('list/pesawat')
#4 C:\xampp\htdocs\propleyah\system\CodeIgniter.php(931): App\Controllers\Daftar->pesawat()
#5 C:\xampp\htdocs\propleyah\system\CodeIgniter.php(427): CodeIgniter\CodeIgniter->runController(Object(App\Controllers\Daftar))
#6 C:\xampp\htdocs\propleyah\system\CodeIgniter.php(333): CodeIgniter\CodeIgniter->handleRequest(NULL, Object(Config\Cache), false)
#7 C:\xampp\htdocs\propleyah\public\index.php(44): CodeIgniter\CodeIgniter->run()
#8 C:\xampp\htdocs\propleyah\system\Commands\Server\rewrite.php(45): require_once('C:\\xampp\\htdocs...')
#9 {main}
CRITICAL - 2021-01-14 22:30:45 --> Undefined variable: tiket
#0 C:\xampp\htdocs\propleyah\app\Views\list\pesawat.php(131): CodeIgniter\Debug\Exceptions->errorHandler(8, 'Undefined varia...', 'C:\\xampp\\htdocs...', 131, Array)
#1 C:\xampp\htdocs\propleyah\system\View\View.php(219): include('C:\\xampp\\htdocs...')
#2 C:\xampp\htdocs\propleyah\system\Common.php(1213): CodeIgniter\View\View->render('list/pesawat', Array, true)
#3 C:\xampp\htdocs\propleyah\app\Controllers\Daftar.php(39): view('list/pesawat')
#4 C:\xampp\htdocs\propleyah\system\CodeIgniter.php(931): App\Controllers\Daftar->pesawat()
#5 C:\xampp\htdocs\propleyah\system\CodeIgniter.php(427): CodeIgniter\CodeIgniter->runController(Object(App\Controllers\Daftar))
#6 C:\xampp\htdocs\propleyah\system\CodeIgniter.php(333): CodeIgniter\CodeIgniter->handleRequest(NULL, Object(Config\Cache), false)
#7 C:\xampp\htdocs\propleyah\public\index.php(44): CodeIgniter\CodeIgniter->run()
#8 C:\xampp\htdocs\propleyah\system\Commands\Server\rewrite.php(45): require_once('C:\\xampp\\htdocs...')
#9 {main}
CRITICAL - 2021-01-14 22:32:38 --> Call to a member function getTrans() on null
#0 C:\xampp\htdocs\propleyah\system\CodeIgniter.php(903): App\Controllers\Daftar->__construct()
#1 C:\xampp\htdocs\propleyah\system\CodeIgniter.php(417): CodeIgniter\CodeIgniter->createController()
#2 C:\xampp\htdocs\propleyah\system\CodeIgniter.php(333): CodeIgniter\CodeIgniter->handleRequest(NULL, Object(Config\Cache), false)
#3 C:\xampp\htdocs\propleyah\public\index.php(44): CodeIgniter\CodeIgniter->run()
#4 C:\xampp\htdocs\propleyah\system\Commands\Server\rewrite.php(45): require_once('C:\\xampp\\htdocs...')
#5 {main}
CRITICAL - 2021-01-14 22:33:18 --> Undefined variable: tiket
#0 C:\xampp\htdocs\propleyah\app\Views\list\pesawat.php(131): CodeIgniter\Debug\Exceptions->errorHandler(8, 'Undefined varia...', 'C:\\xampp\\htdocs...', 131, Array)
#1 C:\xampp\htdocs\propleyah\system\View\View.php(219): include('C:\\xampp\\htdocs...')
#2 C:\xampp\htdocs\propleyah\system\Common.php(1213): CodeIgniter\View\View->render('list/pesawat', Array, true)
#3 C:\xampp\htdocs\propleyah\app\Controllers\Daftar.php(40): view('list/pesawat')
#4 C:\xampp\htdocs\propleyah\system\CodeIgniter.php(931): App\Controllers\Daftar->pesawat()
#5 C:\xampp\htdocs\propleyah\system\CodeIgniter.php(427): CodeIgniter\CodeIgniter->runController(Object(App\Controllers\Daftar))
#6 C:\xampp\htdocs\propleyah\system\CodeIgniter.php(333): CodeIgniter\CodeIgniter->handleRequest(NULL, Object(Config\Cache), false)
#7 C:\xampp\htdocs\propleyah\public\index.php(44): CodeIgniter\CodeIgniter->run()
#8 C:\xampp\htdocs\propleyah\system\Commands\Server\rewrite.php(45): require_once('C:\\xampp\\htdocs...')
#9 {main}
CRITICAL - 2021-01-14 22:34:10 --> Undefined variable: tiket
#0 C:\xampp\htdocs\propleyah\app\Views\list\pesawat.php(131): CodeIgniter\Debug\Exceptions->errorHandler(8, 'Undefined varia...', 'C:\\xampp\\htdocs...', 131, Array)
#1 C:\xampp\htdocs\propleyah\system\View\View.php(219): include('C:\\xampp\\htdocs...')
#2 C:\xampp\htdocs\propleyah\system\Common.php(1213): CodeIgniter\View\View->render('list/pesawat', Array, true)
#3 C:\xampp\htdocs\propleyah\app\Controllers\Daftar.php(40): view('list/pesawat')
#4 C:\xampp\htdocs\propleyah\system\CodeIgniter.php(931): App\Controllers\Daftar->pesawat()
#5 C:\xampp\htdocs\propleyah\system\CodeIgniter.php(427): CodeIgniter\CodeIgniter->runController(Object(App\Controllers\Daftar))
#6 C:\xampp\htdocs\propleyah\system\CodeIgniter.php(333): CodeIgniter\CodeIgniter->handleRequest(NULL, Object(Config\Cache), false)
#7 C:\xampp\htdocs\propleyah\public\index.php(44): CodeIgniter\CodeIgniter->run()
#8 C:\xampp\htdocs\propleyah\system\Commands\Server\rewrite.php(45): require_once('C:\\xampp\\htdocs...')
#9 {main}
CRITICAL - 2021-01-14 22:34:28 --> Undefined variable: tiket
#0 C:\xampp\htdocs\propleyah\app\Views\list\pesawat.php(131): CodeIgniter\Debug\Exceptions->errorHandler(8, 'Undefined varia...', 'C:\\xampp\\htdocs...', 131, Array)
#1 C:\xampp\htdocs\propleyah\system\View\View.php(219): include('C:\\xampp\\htdocs...')
#2 C:\xampp\htdocs\propleyah\system\Common.php(1213): CodeIgniter\View\View->render('list/pesawat', Array, true)
#3 C:\xampp\htdocs\propleyah\app\Controllers\Daftar.php(40): view('list/pesawat')
#4 C:\xampp\htdocs\propleyah\system\CodeIgniter.php(931): App\Controllers\Daftar->pesawat()
#5 C:\xampp\htdocs\propleyah\system\CodeIgniter.php(427): CodeIgniter\CodeIgniter->runController(Object(App\Controllers\Daftar))
#6 C:\xampp\htdocs\propleyah\system\CodeIgniter.php(333): CodeIgniter\CodeIgniter->handleRequest(NULL, Object(Config\Cache), false)
#7 C:\xampp\htdocs\propleyah\public\index.php(44): CodeIgniter\CodeIgniter->run()
#8 C:\xampp\htdocs\propleyah\system\Commands\Server\rewrite.php(45): require_once('C:\\xampp\\htdocs...')
#9 {main}
