CRITICAL - 2021-01-15 01:40:52 --> Undefined variable: transportasi
#0 C:\xampp\htdocs\propleyah\app\Views\home\edittrans.php(18): CodeIgniter\Debug\Exceptions->errorHandler(8, 'Undefined varia...', 'C:\\xampp\\htdocs...', 18, Array)
#1 C:\xampp\htdocs\propleyah\system\View\View.php(219): include('C:\\xampp\\htdocs...')
#2 C:\xampp\htdocs\propleyah\system\Common.php(1213): CodeIgniter\View\View->render('home/edittrans', Array, true)
#3 C:\xampp\htdocs\propleyah\app\Controllers\Home.php(12): view('home/edittrans')
#4 C:\xampp\htdocs\propleyah\system\CodeIgniter.php(931): App\Controllers\Home->index()
#5 C:\xampp\htdocs\propleyah\system\CodeIgniter.php(427): CodeIgniter\CodeIgniter->runController(Object(App\Controllers\Home))
#6 C:\xampp\htdocs\propleyah\system\CodeIgniter.php(333): CodeIgniter\CodeIgniter->handleRequest(NULL, Object(Config\Cache), false)
#7 C:\xampp\htdocs\propleyah\public\index.php(44): CodeIgniter\CodeIgniter->run()
#8 C:\xampp\htdocs\propleyah\system\Commands\Server\rewrite.php(45): require_once('C:\\xampp\\htdocs...')
#9 {main}
CRITICAL - 2021-01-15 01:42:31 --> Class 'App\Controllers\TransModel' not found
#0 C:\xampp\htdocs\propleyah\system\CodeIgniter.php(903): App\Controllers\Ticket->__construct()
#1 C:\xampp\htdocs\propleyah\system\CodeIgniter.php(417): CodeIgniter\CodeIgniter->createController()
#2 C:\xampp\htdocs\propleyah\system\CodeIgniter.php(333): CodeIgniter\CodeIgniter->handleRequest(NULL, Object(Config\Cache), false)
#3 C:\xampp\htdocs\propleyah\public\index.php(44): CodeIgniter\CodeIgniter->run()
#4 C:\xampp\htdocs\propleyah\system\Commands\Server\rewrite.php(45): require_once('C:\\xampp\\htdocs...')
#5 {main}
CRITICAL - 2021-01-15 01:42:47 --> Class 'App\Controllers\TransModel' not found
#0 C:\xampp\htdocs\propleyah\system\CodeIgniter.php(903): App\Controllers\Mybook->__construct()
#1 C:\xampp\htdocs\propleyah\system\CodeIgniter.php(417): CodeIgniter\CodeIgniter->createController()
#2 C:\xampp\htdocs\propleyah\system\CodeIgniter.php(333): CodeIgniter\CodeIgniter->handleRequest(NULL, Object(Config\Cache), false)
#3 C:\xampp\htdocs\propleyah\public\index.php(44): CodeIgniter\CodeIgniter->run()
#4 C:\xampp\htdocs\propleyah\system\Commands\Server\rewrite.php(45): require_once('C:\\xampp\\htdocs...')
#5 {main}
CRITICAL - 2021-01-15 01:44:07 --> Class 'App\Controllers\TransModel' not found
#0 C:\xampp\htdocs\propleyah\system\CodeIgniter.php(903): App\Controllers\Ticket->__construct()
#1 C:\xampp\htdocs\propleyah\system\CodeIgniter.php(417): CodeIgniter\CodeIgniter->createController()
#2 C:\xampp\htdocs\propleyah\system\CodeIgniter.php(333): CodeIgniter\CodeIgniter->handleRequest(NULL, Object(Config\Cache), false)
#3 C:\xampp\htdocs\propleyah\public\index.php(44): CodeIgniter\CodeIgniter->run()
#4 C:\xampp\htdocs\propleyah\system\Commands\Server\rewrite.php(45): require_once('C:\\xampp\\htdocs...')
#5 {main}
CRITICAL - 2021-01-15 02:11:08 --> Allowed fields must be specified for model: App\Models\UserModel
#0 C:\xampp\htdocs\propleyah\system\BaseModel.php(1240): CodeIgniter\Database\Exceptions\DataException::forInvalidAllowedFields('App\\Models\\User...')
#1 C:\xampp\htdocs\propleyah\system\BaseModel.php(755): CodeIgniter\BaseModel->doProtectFields(Array)
#2 C:\xampp\htdocs\propleyah\system\Model.php(672): CodeIgniter\BaseModel->insert(Array, false, NULL)
#3 C:\xampp\htdocs\propleyah\system\BaseModel.php(668): CodeIgniter\Model->insert(Array, false)
#4 C:\xampp\htdocs\propleyah\app\Controllers\Register.php(39): CodeIgniter\BaseModel->save(Array)
#5 C:\xampp\htdocs\propleyah\system\CodeIgniter.php(931): App\Controllers\Register->save()
#6 C:\xampp\htdocs\propleyah\system\CodeIgniter.php(427): CodeIgniter\CodeIgniter->runController(Object(App\Controllers\Register))
#7 C:\xampp\htdocs\propleyah\system\CodeIgniter.php(333): CodeIgniter\CodeIgniter->handleRequest(NULL, Object(Config\Cache), false)
#8 C:\xampp\htdocs\propleyah\public\index.php(44): CodeIgniter\CodeIgniter->run()
#9 C:\xampp\htdocs\propleyah\system\Commands\Server\rewrite.php(45): require_once('C:\\xampp\\htdocs...')
#10 {main}
CRITICAL - 2021-01-15 03:04:05 --> Allowed fields must be specified for model: App\Models\UserModel
#0 C:\xampp\htdocs\propleyah\system\BaseModel.php(1240): CodeIgniter\Database\Exceptions\DataException::forInvalidAllowedFields('App\\Models\\User...')
#1 C:\xampp\htdocs\propleyah\system\BaseModel.php(755): CodeIgniter\BaseModel->doProtectFields(Array)
#2 C:\xampp\htdocs\propleyah\system\Model.php(672): CodeIgniter\BaseModel->insert(Array, false, NULL)
#3 C:\xampp\htdocs\propleyah\system\BaseModel.php(668): CodeIgniter\Model->insert(Array, false)
#4 C:\xampp\htdocs\propleyah\app\Controllers\Register.php(39): CodeIgniter\BaseModel->save(Array)
#5 C:\xampp\htdocs\propleyah\system\CodeIgniter.php(931): App\Controllers\Register->save()
#6 C:\xampp\htdocs\propleyah\system\CodeIgniter.php(427): CodeIgniter\CodeIgniter->runController(Object(App\Controllers\Register))
#7 C:\xampp\htdocs\propleyah\system\CodeIgniter.php(333): CodeIgniter\CodeIgniter->handleRequest(NULL, Object(Config\Cache), false)
#8 C:\xampp\htdocs\propleyah\public\index.php(44): CodeIgniter\CodeIgniter->run()
#9 C:\xampp\htdocs\propleyah\system\Commands\Server\rewrite.php(45): require_once('C:\\xampp\\htdocs...')
#10 {main}
CRITICAL - 2021-01-15 03:11:01 --> Undefined variable: transportasi
#0 C:\xampp\htdocs\propleyahv2\app\Views\home\edittrans.php(18): CodeIgniter\Debug\Exceptions->errorHandler(8, 'Undefined varia...', 'C:\\xampp\\htdocs...', 18, Array)
#1 C:\xampp\htdocs\propleyahv2\system\View\View.php(219): include('C:\\xampp\\htdocs...')
#2 C:\xampp\htdocs\propleyahv2\system\Common.php(1213): CodeIgniter\View\View->render('home/edittrans', Array, true)
#3 C:\xampp\htdocs\propleyahv2\app\Controllers\Home.php(12): view('home/edittrans')
#4 C:\xampp\htdocs\propleyahv2\system\CodeIgniter.php(931): App\Controllers\Home->index()
#5 C:\xampp\htdocs\propleyahv2\system\CodeIgniter.php(427): CodeIgniter\CodeIgniter->runController(Object(App\Controllers\Home))
#6 C:\xampp\htdocs\propleyahv2\system\CodeIgniter.php(333): CodeIgniter\CodeIgniter->handleRequest(NULL, Object(Config\Cache), false)
#7 C:\xampp\htdocs\propleyahv2\public\index.php(44): CodeIgniter\CodeIgniter->run()
#8 C:\xampp\htdocs\propleyahv2\system\Commands\Server\rewrite.php(45): require_once('C:\\xampp\\htdocs...')
#9 {main}
CRITICAL - 2021-01-15 03:22:25 --> Allowed fields must be specified for model: App\Models\UserModel
#0 C:\xampp\htdocs\propleyahv2\system\BaseModel.php(1240): CodeIgniter\Database\Exceptions\DataException::forInvalidAllowedFields('App\\Models\\User...')
#1 C:\xampp\htdocs\propleyahv2\system\BaseModel.php(755): CodeIgniter\BaseModel->doProtectFields(Array)
#2 C:\xampp\htdocs\propleyahv2\system\Model.php(672): CodeIgniter\BaseModel->insert(Array, false, NULL)
#3 C:\xampp\htdocs\propleyahv2\system\BaseModel.php(668): CodeIgniter\Model->insert(Array, false)
#4 C:\xampp\htdocs\propleyahv2\app\Controllers\Register.php(39): CodeIgniter\BaseModel->save(Array)
#5 C:\xampp\htdocs\propleyahv2\system\CodeIgniter.php(931): App\Controllers\Register->save()
#6 C:\xampp\htdocs\propleyahv2\system\CodeIgniter.php(427): CodeIgniter\CodeIgniter->runController(Object(App\Controllers\Register))
#7 C:\xampp\htdocs\propleyahv2\system\CodeIgniter.php(333): CodeIgniter\CodeIgniter->handleRequest(NULL, Object(Config\Cache), false)
#8 C:\xampp\htdocs\propleyahv2\public\index.php(44): CodeIgniter\CodeIgniter->run()
#9 C:\xampp\htdocs\propleyahv2\system\Commands\Server\rewrite.php(45): require_once('C:\\xampp\\htdocs...')
#10 {main}
CRITICAL - 2021-01-15 04:50:30 --> Undefined variable: transportasi
#0 C:\xampp\htdocs\propleyahv2\app\Views\home\edittrans.php(18): CodeIgniter\Debug\Exceptions->errorHandler(8, 'Undefined varia...', 'C:\\xampp\\htdocs...', 18, Array)
#1 C:\xampp\htdocs\propleyahv2\system\View\View.php(219): include('C:\\xampp\\htdocs...')
#2 C:\xampp\htdocs\propleyahv2\system\Common.php(1213): CodeIgniter\View\View->render('home/edittrans', Array, true)
#3 C:\xampp\htdocs\propleyahv2\app\Controllers\Home.php(12): view('home/edittrans')
#4 C:\xampp\htdocs\propleyahv2\system\CodeIgniter.php(931): App\Controllers\Home->index()
#5 C:\xampp\htdocs\propleyahv2\system\CodeIgniter.php(427): CodeIgniter\CodeIgniter->runController(Object(App\Controllers\Home))
#6 C:\xampp\htdocs\propleyahv2\system\CodeIgniter.php(333): CodeIgniter\CodeIgniter->handleRequest(NULL, Object(Config\Cache), false)
#7 C:\xampp\htdocs\propleyahv2\public\index.php(44): CodeIgniter\CodeIgniter->run()
#8 C:\xampp\htdocs\propleyahv2\system\Commands\Server\rewrite.php(45): require_once('C:\\xampp\\htdocs...')
#9 {main}
CRITICAL - 2021-01-15 04:53:45 --> Invalid file: home/navbar.php
#0 C:\xampp\htdocs\propleyahv2\system\View\View.php(203): CodeIgniter\Exceptions\FrameworkException::forInvalidFile('home/navbar.php')
#1 C:\xampp\htdocs\propleyahv2\system\View\View.php(488): CodeIgniter\View\View->render('home/navbar', NULL, true)
#2 C:\xampp\htdocs\propleyahv2\app\Views\home\dashboard-a.php(7): CodeIgniter\View\View->include('home/navbar')
#3 C:\xampp\htdocs\propleyahv2\system\View\View.php(219): include('C:\\xampp\\htdocs...')
#4 C:\xampp\htdocs\propleyahv2\system\Common.php(1213): CodeIgniter\View\View->render('/home/dashboard...', Array, true)
#5 C:\xampp\htdocs\propleyahv2\app\Controllers\Dashboard.php(32): view('/home/dashboard...', Array)
#6 C:\xampp\htdocs\propleyahv2\system\CodeIgniter.php(931): App\Controllers\Dashboard->index()
#7 C:\xampp\htdocs\propleyahv2\system\CodeIgniter.php(427): CodeIgniter\CodeIgniter->runController(Object(App\Controllers\Dashboard))
#8 C:\xampp\htdocs\propleyahv2\system\CodeIgniter.php(333): CodeIgniter\CodeIgniter->handleRequest(NULL, Object(Config\Cache), false)
#9 C:\xampp\htdocs\propleyahv2\public\index.php(44): CodeIgniter\CodeIgniter->run()
#10 C:\xampp\htdocs\propleyahv2\system\Commands\Server\rewrite.php(45): require_once('C:\\xampp\\htdocs...')
#11 {main}
CRITICAL - 2021-01-15 04:53:47 --> Argument 2 passed to CodeIgniter\HTTP\RedirectResponse::to() must be of the type int or null, array given, called in C:\xampp\htdocs\propleyahv2\app\Controllers\Login.php on line 22
#0 C:\xampp\htdocs\propleyahv2\app\Controllers\Login.php(22): CodeIgniter\HTTP\RedirectResponse->to('/home', Array)
#1 C:\xampp\htdocs\propleyahv2\system\CodeIgniter.php(931): App\Controllers\Login->login()
#2 C:\xampp\htdocs\propleyahv2\system\CodeIgniter.php(427): CodeIgniter\CodeIgniter->runController(Object(App\Controllers\Login))
#3 C:\xampp\htdocs\propleyahv2\system\CodeIgniter.php(333): CodeIgniter\CodeIgniter->handleRequest(NULL, Object(Config\Cache), false)
#4 C:\xampp\htdocs\propleyahv2\public\index.php(44): CodeIgniter\CodeIgniter->run()
#5 C:\xampp\htdocs\propleyahv2\system\Commands\Server\rewrite.php(45): require_once('C:\\xampp\\htdocs...')
#6 {main}
CRITICAL - 2021-01-15 04:53:48 --> Invalid file: home/navbar.php
#0 C:\xampp\htdocs\propleyahv2\system\View\View.php(203): CodeIgniter\Exceptions\FrameworkException::forInvalidFile('home/navbar.php')
#1 C:\xampp\htdocs\propleyahv2\system\View\View.php(488): CodeIgniter\View\View->render('home/navbar', NULL, true)
#2 C:\xampp\htdocs\propleyahv2\app\Views\home\dashboard-a.php(7): CodeIgniter\View\View->include('home/navbar')
#3 C:\xampp\htdocs\propleyahv2\system\View\View.php(219): include('C:\\xampp\\htdocs...')
#4 C:\xampp\htdocs\propleyahv2\system\Common.php(1213): CodeIgniter\View\View->render('/home/dashboard...', Array, true)
#5 C:\xampp\htdocs\propleyahv2\app\Controllers\Dashboard.php(32): view('/home/dashboard...', Array)
#6 C:\xampp\htdocs\propleyahv2\system\CodeIgniter.php(931): App\Controllers\Dashboard->index()
#7 C:\xampp\htdocs\propleyahv2\system\CodeIgniter.php(427): CodeIgniter\CodeIgniter->runController(Object(App\Controllers\Dashboard))
#8 C:\xampp\htdocs\propleyahv2\system\CodeIgniter.php(333): CodeIgniter\CodeIgniter->handleRequest(NULL, Object(Config\Cache), false)
#9 C:\xampp\htdocs\propleyahv2\public\index.php(44): CodeIgniter\CodeIgniter->run()
#10 C:\xampp\htdocs\propleyahv2\system\Commands\Server\rewrite.php(45): require_once('C:\\xampp\\htdocs...')
#11 {main}
CRITICAL - 2021-01-15 04:53:48 --> Argument 2 passed to CodeIgniter\HTTP\RedirectResponse::to() must be of the type int or null, array given, called in C:\xampp\htdocs\propleyahv2\app\Controllers\Login.php on line 22
#0 C:\xampp\htdocs\propleyahv2\app\Controllers\Login.php(22): CodeIgniter\HTTP\RedirectResponse->to('/home', Array)
#1 C:\xampp\htdocs\propleyahv2\system\CodeIgniter.php(931): App\Controllers\Login->login()
#2 C:\xampp\htdocs\propleyahv2\system\CodeIgniter.php(427): CodeIgniter\CodeIgniter->runController(Object(App\Controllers\Login))
#3 C:\xampp\htdocs\propleyahv2\system\CodeIgniter.php(333): CodeIgniter\CodeIgniter->handleRequest(NULL, Object(Config\Cache), false)
#4 C:\xampp\htdocs\propleyahv2\public\index.php(44): CodeIgniter\CodeIgniter->run()
#5 C:\xampp\htdocs\propleyahv2\system\Commands\Server\rewrite.php(45): require_once('C:\\xampp\\htdocs...')
#6 {main}
CRITICAL - 2021-01-15 04:53:49 --> Argument 2 passed to CodeIgniter\HTTP\RedirectResponse::to() must be of the type int or null, array given, called in C:\xampp\htdocs\propleyahv2\app\Controllers\Login.php on line 22
#0 C:\xampp\htdocs\propleyahv2\app\Controllers\Login.php(22): CodeIgniter\HTTP\RedirectResponse->to('/home', Array)
#1 C:\xampp\htdocs\propleyahv2\system\CodeIgniter.php(931): App\Controllers\Login->login()
#2 C:\xampp\htdocs\propleyahv2\system\CodeIgniter.php(427): CodeIgniter\CodeIgniter->runController(Object(App\Controllers\Login))
#3 C:\xampp\htdocs\propleyahv2\system\CodeIgniter.php(333): CodeIgniter\CodeIgniter->handleRequest(NULL, Object(Config\Cache), false)
#4 C:\xampp\htdocs\propleyahv2\public\index.php(44): CodeIgniter\CodeIgniter->run()
#5 C:\xampp\htdocs\propleyahv2\system\Commands\Server\rewrite.php(45): require_once('C:\\xampp\\htdocs...')
#6 {main}
CRITICAL - 2021-01-15 04:53:50 --> Argument 2 passed to CodeIgniter\HTTP\RedirectResponse::to() must be of the type int or null, array given, called in C:\xampp\htdocs\propleyahv2\app\Controllers\Login.php on line 22
#0 C:\xampp\htdocs\propleyahv2\app\Controllers\Login.php(22): CodeIgniter\HTTP\RedirectResponse->to('/home', Array)
#1 C:\xampp\htdocs\propleyahv2\system\CodeIgniter.php(931): App\Controllers\Login->login()
#2 C:\xampp\htdocs\propleyahv2\system\CodeIgniter.php(427): CodeIgniter\CodeIgniter->runController(Object(App\Controllers\Login))
#3 C:\xampp\htdocs\propleyahv2\system\CodeIgniter.php(333): CodeIgniter\CodeIgniter->handleRequest(NULL, Object(Config\Cache), false)
#4 C:\xampp\htdocs\propleyahv2\public\index.php(44): CodeIgniter\CodeIgniter->run()
#5 C:\xampp\htdocs\propleyahv2\system\Commands\Server\rewrite.php(45): require_once('C:\\xampp\\htdocs...')
#6 {main}
CRITICAL - 2021-01-15 04:54:01 --> Argument 2 passed to CodeIgniter\HTTP\RedirectResponse::to() must be of the type int or null, array given, called in C:\xampp\htdocs\propleyahv2\app\Controllers\Login.php on line 22
#0 C:\xampp\htdocs\propleyahv2\app\Controllers\Login.php(22): CodeIgniter\HTTP\RedirectResponse->to('/home', Array)
#1 C:\xampp\htdocs\propleyahv2\system\CodeIgniter.php(931): App\Controllers\Login->login()
#2 C:\xampp\htdocs\propleyahv2\system\CodeIgniter.php(427): CodeIgniter\CodeIgniter->runController(Object(App\Controllers\Login))
#3 C:\xampp\htdocs\propleyahv2\system\CodeIgniter.php(333): CodeIgniter\CodeIgniter->handleRequest(NULL, Object(Config\Cache), false)
#4 C:\xampp\htdocs\propleyahv2\public\index.php(44): CodeIgniter\CodeIgniter->run()
#5 C:\xampp\htdocs\propleyahv2\system\Commands\Server\rewrite.php(45): require_once('C:\\xampp\\htdocs...')
#6 {main}
CRITICAL - 2021-01-15 04:54:03 --> Invalid file: home/navbar.php
#0 C:\xampp\htdocs\propleyahv2\system\View\View.php(203): CodeIgniter\Exceptions\FrameworkException::forInvalidFile('home/navbar.php')
#1 C:\xampp\htdocs\propleyahv2\system\View\View.php(488): CodeIgniter\View\View->render('home/navbar', NULL, true)
#2 C:\xampp\htdocs\propleyahv2\app\Views\home\dashboard-a.php(7): CodeIgniter\View\View->include('home/navbar')
#3 C:\xampp\htdocs\propleyahv2\system\View\View.php(219): include('C:\\xampp\\htdocs...')
#4 C:\xampp\htdocs\propleyahv2\system\Common.php(1213): CodeIgniter\View\View->render('/home/dashboard...', Array, true)
#5 C:\xampp\htdocs\propleyahv2\app\Controllers\Dashboard.php(32): view('/home/dashboard...', Array)
#6 C:\xampp\htdocs\propleyahv2\system\CodeIgniter.php(931): App\Controllers\Dashboard->index()
#7 C:\xampp\htdocs\propleyahv2\system\CodeIgniter.php(427): CodeIgniter\CodeIgniter->runController(Object(App\Controllers\Dashboard))
#8 C:\xampp\htdocs\propleyahv2\system\CodeIgniter.php(333): CodeIgniter\CodeIgniter->handleRequest(NULL, Object(Config\Cache), false)
#9 C:\xampp\htdocs\propleyahv2\public\index.php(44): CodeIgniter\CodeIgniter->run()
#10 C:\xampp\htdocs\propleyahv2\system\Commands\Server\rewrite.php(45): require_once('C:\\xampp\\htdocs...')
#11 {main}
CRITICAL - 2021-01-15 04:55:22 --> Invalid file: /home/dashboard-a.php
#0 C:\xampp\htdocs\propleyahv2\system\View\View.php(203): CodeIgniter\Exceptions\FrameworkException::forInvalidFile('/home/dashboard...')
#1 C:\xampp\htdocs\propleyahv2\system\Common.php(1213): CodeIgniter\View\View->render('/home/dashboard...', Array, true)
#2 C:\xampp\htdocs\propleyahv2\app\Controllers\Dashboard.php(32): view('/home/dashboard...', Array)
#3 C:\xampp\htdocs\propleyahv2\system\CodeIgniter.php(931): App\Controllers\Dashboard->index()
#4 C:\xampp\htdocs\propleyahv2\system\CodeIgniter.php(427): CodeIgniter\CodeIgniter->runController(Object(App\Controllers\Dashboard))
#5 C:\xampp\htdocs\propleyahv2\system\CodeIgniter.php(333): CodeIgniter\CodeIgniter->handleRequest(NULL, Object(Config\Cache), false)
#6 C:\xampp\htdocs\propleyahv2\public\index.php(44): CodeIgniter\CodeIgniter->run()
#7 C:\xampp\htdocs\propleyahv2\system\Commands\Server\rewrite.php(45): require_once('C:\\xampp\\htdocs...')
#8 {main}
CRITICAL - 2021-01-15 04:55:23 --> Invalid file: /home/dashboard-a.php
#0 C:\xampp\htdocs\propleyahv2\system\View\View.php(203): CodeIgniter\Exceptions\FrameworkException::forInvalidFile('/home/dashboard...')
#1 C:\xampp\htdocs\propleyahv2\system\Common.php(1213): CodeIgniter\View\View->render('/home/dashboard...', Array, true)
#2 C:\xampp\htdocs\propleyahv2\app\Controllers\Dashboard.php(32): view('/home/dashboard...', Array)
#3 C:\xampp\htdocs\propleyahv2\system\CodeIgniter.php(931): App\Controllers\Dashboard->index()
#4 C:\xampp\htdocs\propleyahv2\system\CodeIgniter.php(427): CodeIgniter\CodeIgniter->runController(Object(App\Controllers\Dashboard))
#5 C:\xampp\htdocs\propleyahv2\system\CodeIgniter.php(333): CodeIgniter\CodeIgniter->handleRequest(NULL, Object(Config\Cache), false)
#6 C:\xampp\htdocs\propleyahv2\public\index.php(44): CodeIgniter\CodeIgniter->run()
#7 C:\xampp\htdocs\propleyahv2\system\Commands\Server\rewrite.php(45): require_once('C:\\xampp\\htdocs...')
#8 {main}
CRITICAL - 2021-01-15 04:55:23 --> Invalid file: /home/dashboard-a.php
#0 C:\xampp\htdocs\propleyahv2\system\View\View.php(203): CodeIgniter\Exceptions\FrameworkException::forInvalidFile('/home/dashboard...')
#1 C:\xampp\htdocs\propleyahv2\system\Common.php(1213): CodeIgniter\View\View->render('/home/dashboard...', Array, true)
#2 C:\xampp\htdocs\propleyahv2\app\Controllers\Dashboard.php(32): view('/home/dashboard...', Array)
#3 C:\xampp\htdocs\propleyahv2\system\CodeIgniter.php(931): App\Controllers\Dashboard->index()
#4 C:\xampp\htdocs\propleyahv2\system\CodeIgniter.php(427): CodeIgniter\CodeIgniter->runController(Object(App\Controllers\Dashboard))
#5 C:\xampp\htdocs\propleyahv2\system\CodeIgniter.php(333): CodeIgniter\CodeIgniter->handleRequest(NULL, Object(Config\Cache), false)
#6 C:\xampp\htdocs\propleyahv2\public\index.php(44): CodeIgniter\CodeIgniter->run()
#7 C:\xampp\htdocs\propleyahv2\system\Commands\Server\rewrite.php(45): require_once('C:\\xampp\\htdocs...')
#8 {main}
CRITICAL - 2021-01-15 04:55:24 --> Argument 2 passed to CodeIgniter\HTTP\RedirectResponse::to() must be of the type int or null, array given, called in C:\xampp\htdocs\propleyahv2\app\Controllers\Login.php on line 22
#0 C:\xampp\htdocs\propleyahv2\app\Controllers\Login.php(22): CodeIgniter\HTTP\RedirectResponse->to('/home', Array)
#1 C:\xampp\htdocs\propleyahv2\system\CodeIgniter.php(931): App\Controllers\Login->login()
#2 C:\xampp\htdocs\propleyahv2\system\CodeIgniter.php(427): CodeIgniter\CodeIgniter->runController(Object(App\Controllers\Login))
#3 C:\xampp\htdocs\propleyahv2\system\CodeIgniter.php(333): CodeIgniter\CodeIgniter->handleRequest(NULL, Object(Config\Cache), false)
#4 C:\xampp\htdocs\propleyahv2\public\index.php(44): CodeIgniter\CodeIgniter->run()
#5 C:\xampp\htdocs\propleyahv2\system\Commands\Server\rewrite.php(45): require_once('C:\\xampp\\htdocs...')
#6 {main}
CRITICAL - 2021-01-15 04:55:25 --> Invalid file: /home/dashboard-a.php
#0 C:\xampp\htdocs\propleyahv2\system\View\View.php(203): CodeIgniter\Exceptions\FrameworkException::forInvalidFile('/home/dashboard...')
#1 C:\xampp\htdocs\propleyahv2\system\Common.php(1213): CodeIgniter\View\View->render('/home/dashboard...', Array, true)
#2 C:\xampp\htdocs\propleyahv2\app\Controllers\Dashboard.php(32): view('/home/dashboard...', Array)
#3 C:\xampp\htdocs\propleyahv2\system\CodeIgniter.php(931): App\Controllers\Dashboard->index()
#4 C:\xampp\htdocs\propleyahv2\system\CodeIgniter.php(427): CodeIgniter\CodeIgniter->runController(Object(App\Controllers\Dashboard))
#5 C:\xampp\htdocs\propleyahv2\system\CodeIgniter.php(333): CodeIgniter\CodeIgniter->handleRequest(NULL, Object(Config\Cache), false)
#6 C:\xampp\htdocs\propleyahv2\public\index.php(44): CodeIgniter\CodeIgniter->run()
#7 C:\xampp\htdocs\propleyahv2\system\Commands\Server\rewrite.php(45): require_once('C:\\xampp\\htdocs...')
#8 {main}
CRITICAL - 2021-01-15 04:56:18 --> Invalid file: /home/dashboard-a.php
#0 C:\xampp\htdocs\propleyahv2\system\View\View.php(203): CodeIgniter\Exceptions\FrameworkException::forInvalidFile('/home/dashboard...')
#1 C:\xampp\htdocs\propleyahv2\system\Common.php(1213): CodeIgniter\View\View->render('/home/dashboard...', Array, true)
#2 C:\xampp\htdocs\propleyahv2\app\Controllers\Dashboard.php(32): view('/home/dashboard...', Array)
#3 C:\xampp\htdocs\propleyahv2\system\CodeIgniter.php(931): App\Controllers\Dashboard->index()
#4 C:\xampp\htdocs\propleyahv2\system\CodeIgniter.php(427): CodeIgniter\CodeIgniter->runController(Object(App\Controllers\Dashboard))
#5 C:\xampp\htdocs\propleyahv2\system\CodeIgniter.php(333): CodeIgniter\CodeIgniter->handleRequest(NULL, Object(Config\Cache), false)
#6 C:\xampp\htdocs\propleyahv2\public\index.php(44): CodeIgniter\CodeIgniter->run()
#7 C:\xampp\htdocs\propleyahv2\system\Commands\Server\rewrite.php(45): require_once('C:\\xampp\\htdocs...')
#8 {main}
CRITICAL - 2021-01-15 04:57:14 --> Invalid file: home/navbar-a.php
#0 C:\xampp\htdocs\propleyahv2\system\View\View.php(203): CodeIgniter\Exceptions\FrameworkException::forInvalidFile('home/navbar-a.p...')
#1 C:\xampp\htdocs\propleyahv2\system\View\View.php(488): CodeIgniter\View\View->render('home/navbar-a', NULL, true)
#2 C:\xampp\htdocs\propleyahv2\app\Views\home\dashboard-a.php(7): CodeIgniter\View\View->include('home/navbar-a')
#3 C:\xampp\htdocs\propleyahv2\system\View\View.php(219): include('C:\\xampp\\htdocs...')
#4 C:\xampp\htdocs\propleyahv2\system\Common.php(1213): CodeIgniter\View\View->render('/home/dashboard...', Array, true)
#5 C:\xampp\htdocs\propleyahv2\app\Controllers\Dashboard.php(32): view('/home/dashboard...', Array)
#6 C:\xampp\htdocs\propleyahv2\system\CodeIgniter.php(931): App\Controllers\Dashboard->index()
#7 C:\xampp\htdocs\propleyahv2\system\CodeIgniter.php(427): CodeIgniter\CodeIgniter->runController(Object(App\Controllers\Dashboard))
#8 C:\xampp\htdocs\propleyahv2\system\CodeIgniter.php(333): CodeIgniter\CodeIgniter->handleRequest(NULL, Object(Config\Cache), false)
#9 C:\xampp\htdocs\propleyahv2\public\index.php(44): CodeIgniter\CodeIgniter->run()
#10 C:\xampp\htdocs\propleyahv2\system\Commands\Server\rewrite.php(45): require_once('C:\\xampp\\htdocs...')
#11 {main}
CRITICAL - 2021-01-15 04:58:46 --> Invalid file: home/navbar.php
#0 C:\xampp\htdocs\propleyahv2\system\View\View.php(203): CodeIgniter\Exceptions\FrameworkException::forInvalidFile('home/navbar.php')
#1 C:\xampp\htdocs\propleyahv2\system\View\View.php(488): CodeIgniter\View\View->render('home/navbar', NULL, true)
#2 C:\xampp\htdocs\propleyahv2\app\Views\home\mybook.php(7): CodeIgniter\View\View->include('home/navbar')
#3 C:\xampp\htdocs\propleyahv2\system\View\View.php(219): include('C:\\xampp\\htdocs...')
#4 C:\xampp\htdocs\propleyahv2\system\Common.php(1213): CodeIgniter\View\View->render('home/mybook', Array, true)
#5 C:\xampp\htdocs\propleyahv2\app\Controllers\Mybook.php(33): view('home/mybook')
#6 C:\xampp\htdocs\propleyahv2\system\CodeIgniter.php(931): App\Controllers\Mybook->mybook()
#7 C:\xampp\htdocs\propleyahv2\system\CodeIgniter.php(427): CodeIgniter\CodeIgniter->runController(Object(App\Controllers\Mybook))
#8 C:\xampp\htdocs\propleyahv2\system\CodeIgniter.php(333): CodeIgniter\CodeIgniter->handleRequest(NULL, Object(Config\Cache), false)
#9 C:\xampp\htdocs\propleyahv2\public\index.php(44): CodeIgniter\CodeIgniter->run()
#10 C:\xampp\htdocs\propleyahv2\system\Commands\Server\rewrite.php(45): require_once('C:\\xampp\\htdocs...')
#11 {main}
CRITICAL - 2021-01-15 04:59:40 --> Invalid file: home/navbar.php
#0 C:\xampp\htdocs\propleyahv2\system\View\View.php(203): CodeIgniter\Exceptions\FrameworkException::forInvalidFile('home/navbar.php')
#1 C:\xampp\htdocs\propleyahv2\system\View\View.php(488): CodeIgniter\View\View->render('home/navbar', NULL, true)
#2 C:\xampp\htdocs\propleyahv2\app\Views\home\admin.php(7): CodeIgniter\View\View->include('home/navbar')
#3 C:\xampp\htdocs\propleyahv2\system\View\View.php(219): include('C:\\xampp\\htdocs...')
#4 C:\xampp\htdocs\propleyahv2\system\Common.php(1213): CodeIgniter\View\View->render('/home/admin', Array, true)
#5 C:\xampp\htdocs\propleyahv2\app\Controllers\Dashboard.php(41): view('/home/admin')
#6 C:\xampp\htdocs\propleyahv2\system\CodeIgniter.php(931): App\Controllers\Dashboard->admin()
#7 C:\xampp\htdocs\propleyahv2\system\CodeIgniter.php(427): CodeIgniter\CodeIgniter->runController(Object(App\Controllers\Dashboard))
#8 C:\xampp\htdocs\propleyahv2\system\CodeIgniter.php(333): CodeIgniter\CodeIgniter->handleRequest(NULL, Object(Config\Cache), false)
#9 C:\xampp\htdocs\propleyahv2\public\index.php(44): CodeIgniter\CodeIgniter->run()
#10 C:\xampp\htdocs\propleyahv2\system\Commands\Server\rewrite.php(45): require_once('C:\\xampp\\htdocs...')
#11 {main}
CRITICAL - 2021-01-15 05:15:50 --> Undefined variable: transportasi
#0 C:\xampp\htdocs\propleyahv2\app\Views\home\dashboard-a.php(61): CodeIgniter\Debug\Exceptions->errorHandler(8, 'Undefined varia...', 'C:\\xampp\\htdocs...', 61, Array)
#1 C:\xampp\htdocs\propleyahv2\system\View\View.php(219): include('C:\\xampp\\htdocs...')
#2 C:\xampp\htdocs\propleyahv2\system\Common.php(1213): CodeIgniter\View\View->render('/home/dashboard...', Array, true)
#3 C:\xampp\htdocs\propleyahv2\app\Controllers\Dashboard.php(67): view('/home/dashboard...', Array)
#4 C:\xampp\htdocs\propleyahv2\system\CodeIgniter.php(931): App\Controllers\Dashboard->save()
#5 C:\xampp\htdocs\propleyahv2\system\CodeIgniter.php(427): CodeIgniter\CodeIgniter->runController(Object(App\Controllers\Dashboard))
#6 C:\xampp\htdocs\propleyahv2\system\CodeIgniter.php(333): CodeIgniter\CodeIgniter->handleRequest(NULL, Object(Config\Cache), false)
#7 C:\xampp\htdocs\propleyahv2\public\index.php(44): CodeIgniter\CodeIgniter->run()
#8 C:\xampp\htdocs\propleyahv2\system\Commands\Server\rewrite.php(45): require_once('C:\\xampp\\htdocs...')
#9 {main}
CRITICAL - 2021-01-15 05:16:12 --> Undefined variable: transportasi
#0 C:\xampp\htdocs\propleyahv2\app\Views\home\dashboard-a.php(61): CodeIgniter\Debug\Exceptions->errorHandler(8, 'Undefined varia...', 'C:\\xampp\\htdocs...', 61, Array)
#1 C:\xampp\htdocs\propleyahv2\system\View\View.php(219): include('C:\\xampp\\htdocs...')
#2 C:\xampp\htdocs\propleyahv2\system\Common.php(1213): CodeIgniter\View\View->render('/home/dashboard...', Array, true)
#3 C:\xampp\htdocs\propleyahv2\app\Controllers\Dashboard.php(67): view('/home/dashboard...', Array)
#4 C:\xampp\htdocs\propleyahv2\system\CodeIgniter.php(931): App\Controllers\Dashboard->save()
#5 C:\xampp\htdocs\propleyahv2\system\CodeIgniter.php(427): CodeIgniter\CodeIgniter->runController(Object(App\Controllers\Dashboard))
#6 C:\xampp\htdocs\propleyahv2\system\CodeIgniter.php(333): CodeIgniter\CodeIgniter->handleRequest(NULL, Object(Config\Cache), false)
#7 C:\xampp\htdocs\propleyahv2\public\index.php(44): CodeIgniter\CodeIgniter->run()
#8 C:\xampp\htdocs\propleyahv2\system\Commands\Server\rewrite.php(45): require_once('C:\\xampp\\htdocs...')
#9 {main}
CRITICAL - 2021-01-15 05:17:27 --> Undefined variable: transportasi
#0 C:\xampp\htdocs\propleyahv2\app\Views\home\dashboard-a.php(61): CodeIgniter\Debug\Exceptions->errorHandler(8, 'Undefined varia...', 'C:\\xampp\\htdocs...', 61, Array)
#1 C:\xampp\htdocs\propleyahv2\system\View\View.php(219): include('C:\\xampp\\htdocs...')
#2 C:\xampp\htdocs\propleyahv2\system\Common.php(1213): CodeIgniter\View\View->render('/home/dashboard...', Array, true)
#3 C:\xampp\htdocs\propleyahv2\app\Controllers\Dashboard.php(67): view('/home/dashboard...', Array)
#4 C:\xampp\htdocs\propleyahv2\system\CodeIgniter.php(931): App\Controllers\Dashboard->save()
#5 C:\xampp\htdocs\propleyahv2\system\CodeIgniter.php(427): CodeIgniter\CodeIgniter->runController(Object(App\Controllers\Dashboard))
#6 C:\xampp\htdocs\propleyahv2\system\CodeIgniter.php(333): CodeIgniter\CodeIgniter->handleRequest(NULL, Object(Config\Cache), false)
#7 C:\xampp\htdocs\propleyahv2\public\index.php(44): CodeIgniter\CodeIgniter->run()
#8 C:\xampp\htdocs\propleyahv2\system\Commands\Server\rewrite.php(45): require_once('C:\\xampp\\htdocs...')
#9 {main}
CRITICAL - 2021-01-15 05:18:26 --> Undefined variable: transportasi
#0 C:\xampp\htdocs\propleyahv2\app\Views\home\dashboard-a.php(61): CodeIgniter\Debug\Exceptions->errorHandler(8, 'Undefined varia...', 'C:\\xampp\\htdocs...', 61, Array)
#1 C:\xampp\htdocs\propleyahv2\system\View\View.php(219): include('C:\\xampp\\htdocs...')
#2 C:\xampp\htdocs\propleyahv2\system\Common.php(1213): CodeIgniter\View\View->render('/home/dashboard...', Array, true)
#3 C:\xampp\htdocs\propleyahv2\app\Controllers\Dashboard.php(67): view('/home/dashboard...')
#4 C:\xampp\htdocs\propleyahv2\system\CodeIgniter.php(931): App\Controllers\Dashboard->save()
#5 C:\xampp\htdocs\propleyahv2\system\CodeIgniter.php(427): CodeIgniter\CodeIgniter->runController(Object(App\Controllers\Dashboard))
#6 C:\xampp\htdocs\propleyahv2\system\CodeIgniter.php(333): CodeIgniter\CodeIgniter->handleRequest(NULL, Object(Config\Cache), false)
#7 C:\xampp\htdocs\propleyahv2\public\index.php(44): CodeIgniter\CodeIgniter->run()
#8 C:\xampp\htdocs\propleyahv2\system\Commands\Server\rewrite.php(45): require_once('C:\\xampp\\htdocs...')
#9 {main}
CRITICAL - 2021-01-15 05:18:38 --> Undefined variable: transportasi
#0 C:\xampp\htdocs\propleyahv2\app\Views\home\dashboard-a.php(61): CodeIgniter\Debug\Exceptions->errorHandler(8, 'Undefined varia...', 'C:\\xampp\\htdocs...', 61, Array)
#1 C:\xampp\htdocs\propleyahv2\system\View\View.php(219): include('C:\\xampp\\htdocs...')
#2 C:\xampp\htdocs\propleyahv2\system\Common.php(1213): CodeIgniter\View\View->render('/home/dashboard...', Array, true)
#3 C:\xampp\htdocs\propleyahv2\app\Controllers\Dashboard.php(67): view('/home/dashboard...')
#4 C:\xampp\htdocs\propleyahv2\system\CodeIgniter.php(931): App\Controllers\Dashboard->save()
#5 C:\xampp\htdocs\propleyahv2\system\CodeIgniter.php(427): CodeIgniter\CodeIgniter->runController(Object(App\Controllers\Dashboard))
#6 C:\xampp\htdocs\propleyahv2\system\CodeIgniter.php(333): CodeIgniter\CodeIgniter->handleRequest(NULL, Object(Config\Cache), false)
#7 C:\xampp\htdocs\propleyahv2\public\index.php(44): CodeIgniter\CodeIgniter->run()
#8 C:\xampp\htdocs\propleyahv2\system\Commands\Server\rewrite.php(45): require_once('C:\\xampp\\htdocs...')
#9 {main}
CRITICAL - 2021-01-15 05:29:54 --> Call to undefined function set_value()
#0 C:\xampp\htdocs\propleyahv2\system\View\View.php(219): include()
#1 C:\xampp\htdocs\propleyahv2\system\Common.php(1213): CodeIgniter\View\View->render('/home/dashboard...', Array, true)
#2 C:\xampp\htdocs\propleyahv2\app\Controllers\Dashboard.php(32): view('/home/dashboard...', Array)
#3 C:\xampp\htdocs\propleyahv2\system\CodeIgniter.php(931): App\Controllers\Dashboard->index()
#4 C:\xampp\htdocs\propleyahv2\system\CodeIgniter.php(427): CodeIgniter\CodeIgniter->runController(Object(App\Controllers\Dashboard))
#5 C:\xampp\htdocs\propleyahv2\system\CodeIgniter.php(333): CodeIgniter\CodeIgniter->handleRequest(NULL, Object(Config\Cache), false)
#6 C:\xampp\htdocs\propleyahv2\public\index.php(44): CodeIgniter\CodeIgniter->run()
#7 C:\xampp\htdocs\propleyahv2\system\Commands\Server\rewrite.php(45): require_once('C:\\xampp\\htdocs...')
#8 {main}
CRITICAL - 2021-01-15 05:33:37 --> Invalid file: home/navbar.php
#0 C:\xampp\htdocs\propleyahv2\system\View\View.php(203): CodeIgniter\Exceptions\FrameworkException::forInvalidFile('home/navbar.php')
#1 C:\xampp\htdocs\propleyahv2\system\View\View.php(488): CodeIgniter\View\View->render('home/navbar', NULL, true)
#2 C:\xampp\htdocs\propleyahv2\app\Views\ticket\kapal.php(7): CodeIgniter\View\View->include('home/navbar')
#3 C:\xampp\htdocs\propleyahv2\system\View\View.php(219): include('C:\\xampp\\htdocs...')
#4 C:\xampp\htdocs\propleyahv2\system\Common.php(1213): CodeIgniter\View\View->render('ticket/kapal', Array, true)
#5 C:\xampp\htdocs\propleyahv2\app\Controllers\Ticket.php(39): view('ticket/kapal')
#6 C:\xampp\htdocs\propleyahv2\system\CodeIgniter.php(931): App\Controllers\Ticket->kapal()
#7 C:\xampp\htdocs\propleyahv2\system\CodeIgniter.php(427): CodeIgniter\CodeIgniter->runController(Object(App\Controllers\Ticket))
#8 C:\xampp\htdocs\propleyahv2\system\CodeIgniter.php(333): CodeIgniter\CodeIgniter->handleRequest(NULL, Object(Config\Cache), false)
#9 C:\xampp\htdocs\propleyahv2\public\index.php(44): CodeIgniter\CodeIgniter->run()
#10 C:\xampp\htdocs\propleyahv2\system\Commands\Server\rewrite.php(45): require_once('C:\\xampp\\htdocs...')
#11 {main}
CRITICAL - 2021-01-15 05:38:40 --> Call to undefined method App\Models\TransModel::getTrans
#0 C:\xampp\htdocs\propleyahv2\app\Controllers\Dashboard.php(24): CodeIgniter\Model->__call('getTrans', Array)
#1 C:\xampp\htdocs\propleyahv2\system\CodeIgniter.php(931): App\Controllers\Dashboard->index()
#2 C:\xampp\htdocs\propleyahv2\system\CodeIgniter.php(427): CodeIgniter\CodeIgniter->runController(Object(App\Controllers\Dashboard))
#3 C:\xampp\htdocs\propleyahv2\system\CodeIgniter.php(333): CodeIgniter\CodeIgniter->handleRequest(NULL, Object(Config\Cache), false)
#4 C:\xampp\htdocs\propleyahv2\public\index.php(44): CodeIgniter\CodeIgniter->run()
#5 C:\xampp\htdocs\propleyahv2\system\Commands\Server\rewrite.php(45): require_once('C:\\xampp\\htdocs...')
#6 {main}
CRITICAL - 2021-01-15 05:42:42 --> Undefined variable: transportasi
#0 C:\xampp\htdocs\propleyahv2\app\Views\home\dashboard-a.php(60): CodeIgniter\Debug\Exceptions->errorHandler(8, 'Undefined varia...', 'C:\\xampp\\htdocs...', 60, Array)
#1 C:\xampp\htdocs\propleyahv2\system\View\View.php(219): include('C:\\xampp\\htdocs...')
#2 C:\xampp\htdocs\propleyahv2\system\Common.php(1213): CodeIgniter\View\View->render('Home/dashboard-...', Array, true)
#3 C:\xampp\htdocs\propleyahv2\app\Controllers\Dashboard.php(30): view('Home/dashboard-...', Array)
#4 C:\xampp\htdocs\propleyahv2\system\CodeIgniter.php(931): App\Controllers\Dashboard->index()
#5 C:\xampp\htdocs\propleyahv2\system\CodeIgniter.php(427): CodeIgniter\CodeIgniter->runController(Object(App\Controllers\Dashboard))
#6 C:\xampp\htdocs\propleyahv2\system\CodeIgniter.php(333): CodeIgniter\CodeIgniter->handleRequest(NULL, Object(Config\Cache), false)
#7 C:\xampp\htdocs\propleyahv2\public\index.php(44): CodeIgniter\CodeIgniter->run()
#8 C:\xampp\htdocs\propleyahv2\system\Commands\Server\rewrite.php(45): require_once('C:\\xampp\\htdocs...')
#9 {main}
CRITICAL - 2021-01-15 05:44:45 --> syntax error, unexpected 'endforeach' (T_ENDFOREACH), expecting end of file
#0 C:\xampp\htdocs\propleyahv2\system\Common.php(1213): CodeIgniter\View\View->render('Home/dashboard-...', Array, true)
#1 C:\xampp\htdocs\propleyahv2\app\Controllers\Dashboard.php(30): view('Home/dashboard-...', Array)
#2 C:\xampp\htdocs\propleyahv2\system\CodeIgniter.php(931): App\Controllers\Dashboard->index()
#3 C:\xampp\htdocs\propleyahv2\system\CodeIgniter.php(427): CodeIgniter\CodeIgniter->runController(Object(App\Controllers\Dashboard))
#4 C:\xampp\htdocs\propleyahv2\system\CodeIgniter.php(333): CodeIgniter\CodeIgniter->handleRequest(NULL, Object(Config\Cache), false)
#5 C:\xampp\htdocs\propleyahv2\public\index.php(44): CodeIgniter\CodeIgniter->run()
#6 C:\xampp\htdocs\propleyahv2\system\Commands\Server\rewrite.php(45): require_once('C:\\xampp\\htdocs...')
#7 {main}
CRITICAL - 2021-01-15 05:45:02 --> Undefined variable: transportasi
#0 C:\xampp\htdocs\propleyahv2\app\Views\home\dashboard-a.php(98): CodeIgniter\Debug\Exceptions->errorHandler(8, 'Undefined varia...', 'C:\\xampp\\htdocs...', 98, Array)
#1 C:\xampp\htdocs\propleyahv2\system\View\View.php(219): include('C:\\xampp\\htdocs...')
#2 C:\xampp\htdocs\propleyahv2\system\Common.php(1213): CodeIgniter\View\View->render('Home/dashboard-...', Array, true)
#3 C:\xampp\htdocs\propleyahv2\app\Controllers\Dashboard.php(30): view('Home/dashboard-...', Array)
#4 C:\xampp\htdocs\propleyahv2\system\CodeIgniter.php(931): App\Controllers\Dashboard->index()
#5 C:\xampp\htdocs\propleyahv2\system\CodeIgniter.php(427): CodeIgniter\CodeIgniter->runController(Object(App\Controllers\Dashboard))
#6 C:\xampp\htdocs\propleyahv2\system\CodeIgniter.php(333): CodeIgniter\CodeIgniter->handleRequest(NULL, Object(Config\Cache), false)
#7 C:\xampp\htdocs\propleyahv2\public\index.php(44): CodeIgniter\CodeIgniter->run()
#8 C:\xampp\htdocs\propleyahv2\system\Commands\Server\rewrite.php(45): require_once('C:\\xampp\\htdocs...')
#9 {main}
CRITICAL - 2021-01-15 05:52:43 --> Undefined index: jenis
#0 C:\xampp\htdocs\propleyahv2\app\Views\home\dashboard-a.php(68): CodeIgniter\Debug\Exceptions->errorHandler(8, 'Undefined index...', 'C:\\xampp\\htdocs...', 68, Array)
#1 C:\xampp\htdocs\propleyahv2\system\View\View.php(219): include('C:\\xampp\\htdocs...')
#2 C:\xampp\htdocs\propleyahv2\system\Common.php(1213): CodeIgniter\View\View->render('Home/dashboard-...', Array, true)
#3 C:\xampp\htdocs\propleyahv2\app\Controllers\Dashboard.php(30): view('Home/dashboard-...', Array)
#4 C:\xampp\htdocs\propleyahv2\system\CodeIgniter.php(931): App\Controllers\Dashboard->index()
#5 C:\xampp\htdocs\propleyahv2\system\CodeIgniter.php(427): CodeIgniter\CodeIgniter->runController(Object(App\Controllers\Dashboard))
#6 C:\xampp\htdocs\propleyahv2\system\CodeIgniter.php(333): CodeIgniter\CodeIgniter->handleRequest(NULL, Object(Config\Cache), false)
#7 C:\xampp\htdocs\propleyahv2\public\index.php(44): CodeIgniter\CodeIgniter->run()
#8 C:\xampp\htdocs\propleyahv2\system\Commands\Server\rewrite.php(45): require_once('C:\\xampp\\htdocs...')
#9 {main}
CRITICAL - 2021-01-15 06:13:56 --> Call to undefined method App\Models\TransModel::update_product
#0 C:\xampp\htdocs\propleyahv2\app\Controllers\Dashboard.php(75): CodeIgniter\Model->__call('update_product', Array)
#1 C:\xampp\htdocs\propleyahv2\system\CodeIgniter.php(931): App\Controllers\Dashboard->Berhenti('6')
#2 C:\xampp\htdocs\propleyahv2\system\CodeIgniter.php(427): CodeIgniter\CodeIgniter->runController(Object(App\Controllers\Dashboard))
#3 C:\xampp\htdocs\propleyahv2\system\CodeIgniter.php(333): CodeIgniter\CodeIgniter->handleRequest(NULL, Object(Config\Cache), false)
#4 C:\xampp\htdocs\propleyahv2\public\index.php(44): CodeIgniter\CodeIgniter->run()
#5 C:\xampp\htdocs\propleyahv2\system\Commands\Server\rewrite.php(45): require_once('C:\\xampp\\htdocs...')
#6 {main}
CRITICAL - 2021-01-15 06:17:27 --> syntax error, unexpected '}', expecting end of file
#0 C:\xampp\htdocs\propleyahv2\system\Common.php(1213): CodeIgniter\View\View->render('Home/dashboard-...', Array, true)
#1 C:\xampp\htdocs\propleyahv2\app\Controllers\Dashboard.php(30): view('Home/dashboard-...', Array)
#2 C:\xampp\htdocs\propleyahv2\system\CodeIgniter.php(931): App\Controllers\Dashboard->index()
#3 C:\xampp\htdocs\propleyahv2\system\CodeIgniter.php(427): CodeIgniter\CodeIgniter->runController(Object(App\Controllers\Dashboard))
#4 C:\xampp\htdocs\propleyahv2\system\CodeIgniter.php(333): CodeIgniter\CodeIgniter->handleRequest(NULL, Object(Config\Cache), false)
#5 C:\xampp\htdocs\propleyahv2\public\index.php(44): CodeIgniter\CodeIgniter->run()
#6 C:\xampp\htdocs\propleyahv2\system\Commands\Server\rewrite.php(45): require_once('C:\\xampp\\htdocs...')
#7 {main}
CRITICAL - 2021-01-15 06:47:47 --> Call to undefined method App\Models\TiketModel::getTrans
#0 C:\xampp\htdocs\propleyahv2\app\Controllers\Rute.php(24): CodeIgniter\Model->__call('getTrans', Array)
#1 C:\xampp\htdocs\propleyahv2\system\CodeIgniter.php(931): App\Controllers\Rute->index()
#2 C:\xampp\htdocs\propleyahv2\system\CodeIgniter.php(427): CodeIgniter\CodeIgniter->runController(Object(App\Controllers\Rute))
#3 C:\xampp\htdocs\propleyahv2\system\CodeIgniter.php(333): CodeIgniter\CodeIgniter->handleRequest(NULL, Object(Config\Cache), false)
#4 C:\xampp\htdocs\propleyahv2\public\index.php(44): CodeIgniter\CodeIgniter->run()
#5 C:\xampp\htdocs\propleyahv2\system\Commands\Server\rewrite.php(45): require_once('C:\\xampp\\htdocs...')
#6 {main}
CRITICAL - 2021-01-15 06:48:05 --> Call to undefined method App\Models\TiketModel::getTrans
#0 C:\xampp\htdocs\propleyahv2\app\Controllers\Rute.php(24): CodeIgniter\Model->__call('getTrans', Array)
#1 C:\xampp\htdocs\propleyahv2\system\CodeIgniter.php(931): App\Controllers\Rute->index()
#2 C:\xampp\htdocs\propleyahv2\system\CodeIgniter.php(427): CodeIgniter\CodeIgniter->runController(Object(App\Controllers\Rute))
#3 C:\xampp\htdocs\propleyahv2\system\CodeIgniter.php(333): CodeIgniter\CodeIgniter->handleRequest(NULL, Object(Config\Cache), false)
#4 C:\xampp\htdocs\propleyahv2\public\index.php(44): CodeIgniter\CodeIgniter->run()
#5 C:\xampp\htdocs\propleyahv2\system\Commands\Server\rewrite.php(45): require_once('C:\\xampp\\htdocs...')
#6 {main}
CRITICAL - 2021-01-15 07:28:53 --> Undefined variable: data1
#0 C:\xampp\htdocs\propleyahv2\app\Views\home\dashboard-a.php(67): CodeIgniter\Debug\Exceptions->errorHandler(8, 'Undefined varia...', 'C:\\xampp\\htdocs...', 67, Array)
#1 C:\xampp\htdocs\propleyahv2\system\View\View.php(219): include('C:\\xampp\\htdocs...')
#2 C:\xampp\htdocs\propleyahv2\system\Common.php(1213): CodeIgniter\View\View->render('/home/dashboard...', Array, true)
#3 C:\xampp\htdocs\propleyahv2\app\Controllers\Rute.php(65): view('/home/dashboard...')
#4 C:\xampp\htdocs\propleyahv2\system\CodeIgniter.php(931): App\Controllers\Rute->save()
#5 C:\xampp\htdocs\propleyahv2\system\CodeIgniter.php(427): CodeIgniter\CodeIgniter->runController(Object(App\Controllers\Rute))
#6 C:\xampp\htdocs\propleyahv2\system\CodeIgniter.php(333): CodeIgniter\CodeIgniter->handleRequest(NULL, Object(Config\Cache), false)
#7 C:\xampp\htdocs\propleyahv2\public\index.php(44): CodeIgniter\CodeIgniter->run()
#8 C:\xampp\htdocs\propleyahv2\system\Commands\Server\rewrite.php(45): require_once('C:\\xampp\\htdocs...')
#9 {main}
CRITICAL - 2021-01-15 07:34:54 --> Undefined variable: data1
#0 C:\xampp\htdocs\propleyahv2\app\Views\home\dashboard-a.php(67): CodeIgniter\Debug\Exceptions->errorHandler(8, 'Undefined varia...', 'C:\\xampp\\htdocs...', 67, Array)
#1 C:\xampp\htdocs\propleyahv2\system\View\View.php(219): include('C:\\xampp\\htdocs...')
#2 C:\xampp\htdocs\propleyahv2\system\Common.php(1213): CodeIgniter\View\View->render('/home/dashboard...', Array, true)
#3 C:\xampp\htdocs\propleyahv2\app\Controllers\Rute.php(73): view('/home/dashboard...')
#4 C:\xampp\htdocs\propleyahv2\system\CodeIgniter.php(931): App\Controllers\Rute->save()
#5 C:\xampp\htdocs\propleyahv2\system\CodeIgniter.php(427): CodeIgniter\CodeIgniter->runController(Object(App\Controllers\Rute))
#6 C:\xampp\htdocs\propleyahv2\system\CodeIgniter.php(333): CodeIgniter\CodeIgniter->handleRequest(NULL, Object(Config\Cache), false)
#7 C:\xampp\htdocs\propleyahv2\public\index.php(44): CodeIgniter\CodeIgniter->run()
#8 C:\xampp\htdocs\propleyahv2\system\Commands\Server\rewrite.php(45): require_once('C:\\xampp\\htdocs...')
#9 {main}
CRITICAL - 2021-01-15 07:42:00 --> Invalid file: home/navbar.php
#0 C:\xampp\htdocs\propleyahv2\system\View\View.php(203): CodeIgniter\Exceptions\FrameworkException::forInvalidFile('home/navbar.php')
#1 C:\xampp\htdocs\propleyahv2\system\View\View.php(488): CodeIgniter\View\View->render('home/navbar', NULL, true)
#2 C:\xampp\htdocs\propleyahv2\app\Views\home\mybook.php(7): CodeIgniter\View\View->include('home/navbar')
#3 C:\xampp\htdocs\propleyahv2\system\View\View.php(219): include('C:\\xampp\\htdocs...')
#4 C:\xampp\htdocs\propleyahv2\system\Common.php(1213): CodeIgniter\View\View->render('home/mybook', Array, true)
#5 C:\xampp\htdocs\propleyahv2\app\Controllers\Mybook.php(33): view('home/mybook')
#6 C:\xampp\htdocs\propleyahv2\system\CodeIgniter.php(931): App\Controllers\Mybook->mybook()
#7 C:\xampp\htdocs\propleyahv2\system\CodeIgniter.php(427): CodeIgniter\CodeIgniter->runController(Object(App\Controllers\Mybook))
#8 C:\xampp\htdocs\propleyahv2\system\CodeIgniter.php(333): CodeIgniter\CodeIgniter->handleRequest(NULL, Object(Config\Cache), false)
#9 C:\xampp\htdocs\propleyahv2\public\index.php(44): CodeIgniter\CodeIgniter->run()
#10 C:\xampp\htdocs\propleyahv2\system\Commands\Server\rewrite.php(45): require_once('C:\\xampp\\htdocs...')
#11 {main}
CRITICAL - 2021-01-15 08:00:40 --> Undefined variable: data1
#0 C:\xampp\htdocs\propleyahv2\app\Views\home\dashboard-a.php(67): CodeIgniter\Debug\Exceptions->errorHandler(8, 'Undefined varia...', 'C:\\xampp\\htdocs...', 67, Array)
#1 C:\xampp\htdocs\propleyahv2\system\View\View.php(219): include('C:\\xampp\\htdocs...')
#2 C:\xampp\htdocs\propleyahv2\system\Common.php(1213): CodeIgniter\View\View->render('/home/dashboard...', Array, true)
#3 C:\xampp\htdocs\propleyahv2\app\Controllers\Rute.php(73): view('/home/dashboard...')
#4 C:\xampp\htdocs\propleyahv2\system\CodeIgniter.php(931): App\Controllers\Rute->save()
#5 C:\xampp\htdocs\propleyahv2\system\CodeIgniter.php(427): CodeIgniter\CodeIgniter->runController(Object(App\Controllers\Rute))
#6 C:\xampp\htdocs\propleyahv2\system\CodeIgniter.php(333): CodeIgniter\CodeIgniter->handleRequest(NULL, Object(Config\Cache), false)
#7 C:\xampp\htdocs\propleyahv2\public\index.php(44): CodeIgniter\CodeIgniter->run()
#8 C:\xampp\htdocs\propleyahv2\system\Commands\Server\rewrite.php(45): require_once('C:\\xampp\\htdocs...')
#9 {main}
CRITICAL - 2021-01-15 08:26:40 --> Invalid file: home/navbar.php
#0 C:\xampp\htdocs\propleyahv2\system\View\View.php(203): CodeIgniter\Exceptions\FrameworkException::forInvalidFile('home/navbar.php')
#1 C:\xampp\htdocs\propleyahv2\system\View\View.php(488): CodeIgniter\View\View->render('home/navbar', NULL, true)
#2 C:\xampp\htdocs\propleyahv2\app\Views\ticket\pesawat.php(7): CodeIgniter\View\View->include('home/navbar')
#3 C:\xampp\htdocs\propleyahv2\system\View\View.php(219): include('C:\\xampp\\htdocs...')
#4 C:\xampp\htdocs\propleyahv2\system\Common.php(1213): CodeIgniter\View\View->render('ticket/pesawat', Array, true)
#5 C:\xampp\htdocs\propleyahv2\app\Controllers\Ticket.php(34): view('ticket/pesawat')
#6 C:\xampp\htdocs\propleyahv2\system\CodeIgniter.php(931): App\Controllers\Ticket->pesawat()
#7 C:\xampp\htdocs\propleyahv2\system\CodeIgniter.php(427): CodeIgniter\CodeIgniter->runController(Object(App\Controllers\Ticket))
#8 C:\xampp\htdocs\propleyahv2\system\CodeIgniter.php(333): CodeIgniter\CodeIgniter->handleRequest(NULL, Object(Config\Cache), false)
#9 C:\xampp\htdocs\propleyahv2\public\index.php(44): CodeIgniter\CodeIgniter->run()
#10 C:\xampp\htdocs\propleyahv2\system\Commands\Server\rewrite.php(45): require_once('C:\\xampp\\htdocs...')
#11 {main}
CRITICAL - 2021-01-15 08:30:52 --> Invalid file: home/navbar.php
#0 C:\xampp\htdocs\propleyahv2\system\View\View.php(203): CodeIgniter\Exceptions\FrameworkException::forInvalidFile('home/navbar.php')
#1 C:\xampp\htdocs\propleyahv2\system\View\View.php(488): CodeIgniter\View\View->render('home/navbar', NULL, true)
#2 C:\xampp\htdocs\propleyahv2\app\Views\home\mybook.php(7): CodeIgniter\View\View->include('home/navbar')
#3 C:\xampp\htdocs\propleyahv2\system\View\View.php(219): include('C:\\xampp\\htdocs...')
#4 C:\xampp\htdocs\propleyahv2\system\Common.php(1213): CodeIgniter\View\View->render('home/mybook', Array, true)
#5 C:\xampp\htdocs\propleyahv2\app\Controllers\Mybook.php(33): view('home/mybook')
#6 C:\xampp\htdocs\propleyahv2\system\CodeIgniter.php(931): App\Controllers\Mybook->mybook()
#7 C:\xampp\htdocs\propleyahv2\system\CodeIgniter.php(427): CodeIgniter\CodeIgniter->runController(Object(App\Controllers\Mybook))
#8 C:\xampp\htdocs\propleyahv2\system\CodeIgniter.php(333): CodeIgniter\CodeIgniter->handleRequest(NULL, Object(Config\Cache), false)
#9 C:\xampp\htdocs\propleyahv2\public\index.php(44): CodeIgniter\CodeIgniter->run()
#10 C:\xampp\htdocs\propleyahv2\system\Commands\Server\rewrite.php(45): require_once('C:\\xampp\\htdocs...')
#11 {main}
CRITICAL - 2021-01-15 08:32:51 --> Invalid file: home/navbar.php
#0 C:\xampp\htdocs\propleyahv2\system\View\View.php(203): CodeIgniter\Exceptions\FrameworkException::forInvalidFile('home/navbar.php')
#1 C:\xampp\htdocs\propleyahv2\system\View\View.php(488): CodeIgniter\View\View->render('home/navbar', NULL, true)
#2 C:\xampp\htdocs\propleyahv2\app\Views\ticket\pesawat.php(7): CodeIgniter\View\View->include('home/navbar')
#3 C:\xampp\htdocs\propleyahv2\system\View\View.php(219): include('C:\\xampp\\htdocs...')
#4 C:\xampp\htdocs\propleyahv2\system\Common.php(1213): CodeIgniter\View\View->render('ticket/pesawat', Array, true)
#5 C:\xampp\htdocs\propleyahv2\app\Controllers\Ticket.php(34): view('ticket/pesawat')
#6 C:\xampp\htdocs\propleyahv2\system\CodeIgniter.php(931): App\Controllers\Ticket->pesawat()
#7 C:\xampp\htdocs\propleyahv2\system\CodeIgniter.php(427): CodeIgniter\CodeIgniter->runController(Object(App\Controllers\Ticket))
#8 C:\xampp\htdocs\propleyahv2\system\CodeIgniter.php(333): CodeIgniter\CodeIgniter->handleRequest(NULL, Object(Config\Cache), false)
#9 C:\xampp\htdocs\propleyahv2\public\index.php(44): CodeIgniter\CodeIgniter->run()
#10 C:\xampp\htdocs\propleyahv2\system\Commands\Server\rewrite.php(45): require_once('C:\\xampp\\htdocs...')
#11 {main}
CRITICAL - 2021-01-15 08:34:02 --> Invalid file: home/navbar.php
#0 C:\xampp\htdocs\propleyahv2\system\View\View.php(203): CodeIgniter\Exceptions\FrameworkException::forInvalidFile('home/navbar.php')
#1 C:\xampp\htdocs\propleyahv2\system\View\View.php(488): CodeIgniter\View\View->render('home/navbar', NULL, true)
#2 C:\xampp\htdocs\propleyahv2\app\Views\ticket\pesawat.php(7): CodeIgniter\View\View->include('home/navbar')
#3 C:\xampp\htdocs\propleyahv2\system\View\View.php(219): include('C:\\xampp\\htdocs...')
#4 C:\xampp\htdocs\propleyahv2\system\Common.php(1213): CodeIgniter\View\View->render('ticket/pesawat', Array, true)
#5 C:\xampp\htdocs\propleyahv2\app\Controllers\Ticket.php(34): view('ticket/pesawat')
#6 C:\xampp\htdocs\propleyahv2\system\CodeIgniter.php(931): App\Controllers\Ticket->pesawat()
#7 C:\xampp\htdocs\propleyahv2\system\CodeIgniter.php(427): CodeIgniter\CodeIgniter->runController(Object(App\Controllers\Ticket))
#8 C:\xampp\htdocs\propleyahv2\system\CodeIgniter.php(333): CodeIgniter\CodeIgniter->handleRequest(NULL, Object(Config\Cache), false)
#9 C:\xampp\htdocs\propleyahv2\public\index.php(44): CodeIgniter\CodeIgniter->run()
#10 C:\xampp\htdocs\propleyahv2\system\Commands\Server\rewrite.php(45): require_once('C:\\xampp\\htdocs...')
#11 {main}
CRITICAL - 2021-01-15 08:34:41 --> Invalid file: home/navbar.php
#0 C:\xampp\htdocs\propleyahv2\system\View\View.php(203): CodeIgniter\Exceptions\FrameworkException::forInvalidFile('home/navbar.php')
#1 C:\xampp\htdocs\propleyahv2\system\View\View.php(488): CodeIgniter\View\View->render('home/navbar', NULL, true)
#2 C:\xampp\htdocs\propleyahv2\app\Views\ticket\pesawat.php(7): CodeIgniter\View\View->include('home/navbar')
#3 C:\xampp\htdocs\propleyahv2\system\View\View.php(219): include('C:\\xampp\\htdocs...')
#4 C:\xampp\htdocs\propleyahv2\system\Common.php(1213): CodeIgniter\View\View->render('ticket/pesawat', Array, true)
#5 C:\xampp\htdocs\propleyahv2\app\Controllers\Ticket.php(34): view('ticket/pesawat')
#6 C:\xampp\htdocs\propleyahv2\system\CodeIgniter.php(931): App\Controllers\Ticket->pesawat()
#7 C:\xampp\htdocs\propleyahv2\system\CodeIgniter.php(427): CodeIgniter\CodeIgniter->runController(Object(App\Controllers\Ticket))
#8 C:\xampp\htdocs\propleyahv2\system\CodeIgniter.php(333): CodeIgniter\CodeIgniter->handleRequest(NULL, Object(Config\Cache), false)
#9 C:\xampp\htdocs\propleyahv2\public\index.php(44): CodeIgniter\CodeIgniter->run()
#10 C:\xampp\htdocs\propleyahv2\system\Commands\Server\rewrite.php(45): require_once('C:\\xampp\\htdocs...')
#11 {main}
CRITICAL - 2021-01-15 08:35:19 --> Invalid file: home/navbar.php
#0 C:\xampp\htdocs\propleyahv2\system\View\View.php(203): CodeIgniter\Exceptions\FrameworkException::forInvalidFile('home/navbar.php')
#1 C:\xampp\htdocs\propleyahv2\system\View\View.php(488): CodeIgniter\View\View->render('home/navbar', NULL, true)
#2 C:\xampp\htdocs\propleyahv2\app\Views\ticket\pesawat.php(7): CodeIgniter\View\View->include('home/navbar')
#3 C:\xampp\htdocs\propleyahv2\system\View\View.php(219): include('C:\\xampp\\htdocs...')
#4 C:\xampp\htdocs\propleyahv2\system\Common.php(1213): CodeIgniter\View\View->render('ticket/pesawat', Array, true)
#5 C:\xampp\htdocs\propleyahv2\app\Controllers\Ticket.php(34): view('ticket/pesawat')
#6 C:\xampp\htdocs\propleyahv2\system\CodeIgniter.php(931): App\Controllers\Ticket->pesawat()
#7 C:\xampp\htdocs\propleyahv2\system\CodeIgniter.php(427): CodeIgniter\CodeIgniter->runController(Object(App\Controllers\Ticket))
#8 C:\xampp\htdocs\propleyahv2\system\CodeIgniter.php(333): CodeIgniter\CodeIgniter->handleRequest(NULL, Object(Config\Cache), false)
#9 C:\xampp\htdocs\propleyahv2\public\index.php(44): CodeIgniter\CodeIgniter->run()
#10 C:\xampp\htdocs\propleyahv2\system\Commands\Server\rewrite.php(45): require_once('C:\\xampp\\htdocs...')
#11 {main}
CRITICAL - 2021-01-15 08:35:23 --> Invalid file: home/navbar.php
#0 C:\xampp\htdocs\propleyahv2\system\View\View.php(203): CodeIgniter\Exceptions\FrameworkException::forInvalidFile('home/navbar.php')
#1 C:\xampp\htdocs\propleyahv2\system\View\View.php(488): CodeIgniter\View\View->render('home/navbar', NULL, true)
#2 C:\xampp\htdocs\propleyahv2\app\Views\ticket\kapal.php(7): CodeIgniter\View\View->include('home/navbar')
#3 C:\xampp\htdocs\propleyahv2\system\View\View.php(219): include('C:\\xampp\\htdocs...')
#4 C:\xampp\htdocs\propleyahv2\system\Common.php(1213): CodeIgniter\View\View->render('ticket/kapal', Array, true)
#5 C:\xampp\htdocs\propleyahv2\app\Controllers\Ticket.php(39): view('ticket/kapal')
#6 C:\xampp\htdocs\propleyahv2\system\CodeIgniter.php(931): App\Controllers\Ticket->kapal()
#7 C:\xampp\htdocs\propleyahv2\system\CodeIgniter.php(427): CodeIgniter\CodeIgniter->runController(Object(App\Controllers\Ticket))
#8 C:\xampp\htdocs\propleyahv2\system\CodeIgniter.php(333): CodeIgniter\CodeIgniter->handleRequest(NULL, Object(Config\Cache), false)
#9 C:\xampp\htdocs\propleyahv2\public\index.php(44): CodeIgniter\CodeIgniter->run()
#10 C:\xampp\htdocs\propleyahv2\system\Commands\Server\rewrite.php(45): require_once('C:\\xampp\\htdocs...')
#11 {main}
CRITICAL - 2021-01-15 08:37:17 --> Invalid file: home/navbar.php
#0 C:\xampp\htdocs\propleyahv2\system\View\View.php(203): CodeIgniter\Exceptions\FrameworkException::forInvalidFile('home/navbar.php')
#1 C:\xampp\htdocs\propleyahv2\system\View\View.php(488): CodeIgniter\View\View->render('home/navbar', NULL, true)
#2 C:\xampp\htdocs\propleyahv2\app\Views\ticket\pesawat.php(7): CodeIgniter\View\View->include('home/navbar')
#3 C:\xampp\htdocs\propleyahv2\system\View\View.php(219): include('C:\\xampp\\htdocs...')
#4 C:\xampp\htdocs\propleyahv2\system\Common.php(1213): CodeIgniter\View\View->render('ticket/pesawat', Array, true)
#5 C:\xampp\htdocs\propleyahv2\app\Controllers\Ticket.php(34): view('ticket/pesawat')
#6 C:\xampp\htdocs\propleyahv2\system\CodeIgniter.php(931): App\Controllers\Ticket->pesawat()
#7 C:\xampp\htdocs\propleyahv2\system\CodeIgniter.php(427): CodeIgniter\CodeIgniter->runController(Object(App\Controllers\Ticket))
#8 C:\xampp\htdocs\propleyahv2\system\CodeIgniter.php(333): CodeIgniter\CodeIgniter->handleRequest(NULL, Object(Config\Cache), false)
#9 C:\xampp\htdocs\propleyahv2\public\index.php(44): CodeIgniter\CodeIgniter->run()
#10 C:\xampp\htdocs\propleyahv2\system\Commands\Server\rewrite.php(45): require_once('C:\\xampp\\htdocs...')
#11 {main}
CRITICAL - 2021-01-15 08:39:34 --> Invalid file: home/navbar.php
#0 C:\xampp\htdocs\propleyahv2\system\View\View.php(203): CodeIgniter\Exceptions\FrameworkException::forInvalidFile('home/navbar.php')
#1 C:\xampp\htdocs\propleyahv2\system\View\View.php(488): CodeIgniter\View\View->render('home/navbar', NULL, true)
#2 C:\xampp\htdocs\propleyahv2\app\Views\home\mybook.php(7): CodeIgniter\View\View->include('home/navbar')
#3 C:\xampp\htdocs\propleyahv2\system\View\View.php(219): include('C:\\xampp\\htdocs...')
#4 C:\xampp\htdocs\propleyahv2\system\Common.php(1213): CodeIgniter\View\View->render('home/mybook', Array, true)
#5 C:\xampp\htdocs\propleyahv2\app\Controllers\Mybook.php(33): view('home/mybook')
#6 C:\xampp\htdocs\propleyahv2\system\CodeIgniter.php(931): App\Controllers\Mybook->mybook()
#7 C:\xampp\htdocs\propleyahv2\system\CodeIgniter.php(427): CodeIgniter\CodeIgniter->runController(Object(App\Controllers\Mybook))
#8 C:\xampp\htdocs\propleyahv2\system\CodeIgniter.php(333): CodeIgniter\CodeIgniter->handleRequest(NULL, Object(Config\Cache), false)
#9 C:\xampp\htdocs\propleyahv2\public\index.php(44): CodeIgniter\CodeIgniter->run()
#10 C:\xampp\htdocs\propleyahv2\system\Commands\Server\rewrite.php(45): require_once('C:\\xampp\\htdocs...')
#11 {main}
CRITICAL - 2021-01-15 08:40:52 --> Invalid file: home/navbar.php
#0 C:\xampp\htdocs\propleyahv2\system\View\View.php(203): CodeIgniter\Exceptions\FrameworkException::forInvalidFile('home/navbar.php')
#1 C:\xampp\htdocs\propleyahv2\system\View\View.php(488): CodeIgniter\View\View->render('home/navbar', NULL, true)
#2 C:\xampp\htdocs\propleyahv2\app\Views\home\admin.php(7): CodeIgniter\View\View->include('home/navbar')
#3 C:\xampp\htdocs\propleyahv2\system\View\View.php(219): include('C:\\xampp\\htdocs...')
#4 C:\xampp\htdocs\propleyahv2\system\Common.php(1213): CodeIgniter\View\View->render('/home/admin', Array, true)
#5 C:\xampp\htdocs\propleyahv2\app\Controllers\Dashboard.php(39): view('/home/admin')
#6 C:\xampp\htdocs\propleyahv2\system\CodeIgniter.php(931): App\Controllers\Dashboard->admin()
#7 C:\xampp\htdocs\propleyahv2\system\CodeIgniter.php(427): CodeIgniter\CodeIgniter->runController(Object(App\Controllers\Dashboard))
#8 C:\xampp\htdocs\propleyahv2\system\CodeIgniter.php(333): CodeIgniter\CodeIgniter->handleRequest(NULL, Object(Config\Cache), false)
#9 C:\xampp\htdocs\propleyahv2\public\index.php(44): CodeIgniter\CodeIgniter->run()
#10 C:\xampp\htdocs\propleyahv2\system\Commands\Server\rewrite.php(45): require_once('C:\\xampp\\htdocs...')
#11 {main}
CRITICAL - 2021-01-15 08:48:23 --> Undefined variable: data1
#0 C:\xampp\htdocs\propleyahv2\app\Views\ticket\pesawat.php(125): CodeIgniter\Debug\Exceptions->errorHandler(8, 'Undefined varia...', 'C:\\xampp\\htdocs...', 125, Array)
#1 C:\xampp\htdocs\propleyahv2\system\View\View.php(219): include('C:\\xampp\\htdocs...')
#2 C:\xampp\htdocs\propleyahv2\system\Common.php(1213): CodeIgniter\View\View->render('ticket/pesawat', Array, true)
#3 C:\xampp\htdocs\propleyahv2\app\Controllers\Ticket.php(34): view('ticket/pesawat')
#4 C:\xampp\htdocs\propleyahv2\system\CodeIgniter.php(931): App\Controllers\Ticket->pesawat()
#5 C:\xampp\htdocs\propleyahv2\system\CodeIgniter.php(427): CodeIgniter\CodeIgniter->runController(Object(App\Controllers\Ticket))
#6 C:\xampp\htdocs\propleyahv2\system\CodeIgniter.php(333): CodeIgniter\CodeIgniter->handleRequest(NULL, Object(Config\Cache), false)
#7 C:\xampp\htdocs\propleyahv2\public\index.php(44): CodeIgniter\CodeIgniter->run()
#8 C:\xampp\htdocs\propleyahv2\system\Commands\Server\rewrite.php(45): require_once('C:\\xampp\\htdocs...')
#9 {main}
CRITICAL - 2021-01-15 08:49:42 --> Undefined variable: data1
#0 C:\xampp\htdocs\propleyahv2\app\Views\ticket\pesawat.php(125): CodeIgniter\Debug\Exceptions->errorHandler(8, 'Undefined varia...', 'C:\\xampp\\htdocs...', 125, Array)
#1 C:\xampp\htdocs\propleyahv2\system\View\View.php(219): include('C:\\xampp\\htdocs...')
#2 C:\xampp\htdocs\propleyahv2\system\Common.php(1213): CodeIgniter\View\View->render('ticket/pesawat', Array, true)
#3 C:\xampp\htdocs\propleyahv2\app\Controllers\Ticket.php(39): view('ticket/pesawat', Array)
#4 C:\xampp\htdocs\propleyahv2\system\CodeIgniter.php(931): App\Controllers\Ticket->pesawat()
#5 C:\xampp\htdocs\propleyahv2\system\CodeIgniter.php(427): CodeIgniter\CodeIgniter->runController(Object(App\Controllers\Ticket))
#6 C:\xampp\htdocs\propleyahv2\system\CodeIgniter.php(333): CodeIgniter\CodeIgniter->handleRequest(NULL, Object(Config\Cache), false)
#7 C:\xampp\htdocs\propleyahv2\public\index.php(44): CodeIgniter\CodeIgniter->run()
#8 C:\xampp\htdocs\propleyahv2\system\Commands\Server\rewrite.php(45): require_once('C:\\xampp\\htdocs...')
#9 {main}
CRITICAL - 2021-01-15 09:00:01 --> Undefined variable: data1
#0 C:\xampp\htdocs\propleyahv2\app\Views\ticket\kapal.php(121): CodeIgniter\Debug\Exceptions->errorHandler(8, 'Undefined varia...', 'C:\\xampp\\htdocs...', 121, Array)
#1 C:\xampp\htdocs\propleyahv2\system\View\View.php(219): include('C:\\xampp\\htdocs...')
#2 C:\xampp\htdocs\propleyahv2\system\Common.php(1213): CodeIgniter\View\View->render('ticket/kapal', Array, true)
#3 C:\xampp\htdocs\propleyahv2\app\Controllers\Ticket.php(44): view('ticket/kapal')
#4 C:\xampp\htdocs\propleyahv2\system\CodeIgniter.php(931): App\Controllers\Ticket->kapal()
#5 C:\xampp\htdocs\propleyahv2\system\CodeIgniter.php(427): CodeIgniter\CodeIgniter->runController(Object(App\Controllers\Ticket))
#6 C:\xampp\htdocs\propleyahv2\system\CodeIgniter.php(333): CodeIgniter\CodeIgniter->handleRequest(NULL, Object(Config\Cache), false)
#7 C:\xampp\htdocs\propleyahv2\public\index.php(44): CodeIgniter\CodeIgniter->run()
#8 C:\xampp\htdocs\propleyahv2\system\Commands\Server\rewrite.php(45): require_once('C:\\xampp\\htdocs...')
#9 {main}
ERROR - 2021-01-15 09:23:15 --> mysqli_sql_exception: Cannot add or update a child row: a foreign key constraint fails (`propleyah`.`transaksi`, CONSTRAINT `transaksi_id_user_foreign` FOREIGN KEY (`user`) REFERENCES `user` (`id`)) in C:\xampp\htdocs\propleyahv2\system\Database\MySQLi\Connection.php:314
Stack trace:
#0 C:\xampp\htdocs\propleyahv2\system\Database\MySQLi\Connection.php(314): mysqli->query('INSERT INTO `tr...')
#1 C:\xampp\htdocs\propleyahv2\system\Database\BaseConnection.php(697): CodeIgniter\Database\MySQLi\Connection->execute('INSERT INTO `tr...')
#2 C:\xampp\htdocs\propleyahv2\system\Database\BaseConnection.php(625): CodeIgniter\Database\BaseConnection->simpleQuery('INSERT INTO `tr...')
#3 C:\xampp\htdocs\propleyahv2\system\Database\BaseBuilder.php(2265): CodeIgniter\Database\BaseConnection->query('INSERT INTO `tr...', Array, false)
#4 C:\xampp\htdocs\propleyahv2\system\Model.php(263): CodeIgniter\Database\BaseBuilder->insert()
#5 C:\xampp\htdocs\propleyahv2\system\BaseModel.php(777): CodeIgniter\Model->doInsert(Array, NULL)
#6 C:\xampp\htdocs\propleyahv2\system\Model.php(672): CodeIgniter\BaseModel->insert(Array, false, NULL)
#7 C:\xampp\htdocs\propleyahv2\system\BaseModel.php(668): CodeIgniter\Model->insert(Array, false)
#8 C:\xampp\htdocs\propleyahv2\app\Controllers\Ticket.php(81): CodeIgniter\BaseModel->save(Array)
#9 C:\xampp\htdocs\propleyahv2\system\CodeIgniter.php(931): App\Controllers\Ticket->pesan('4')
#10 C:\xampp\htdocs\propleyahv2\system\CodeIgniter.php(427): CodeIgniter\CodeIgniter->runController(Object(App\Controllers\Ticket))
#11 C:\xampp\htdocs\propleyahv2\system\CodeIgniter.php(333): CodeIgniter\CodeIgniter->handleRequest(NULL, Object(Config\Cache), false)
#12 C:\xampp\htdocs\propleyahv2\public\index.php(44): CodeIgniter\CodeIgniter->run()
#13 C:\xampp\htdocs\propleyahv2\system\Commands\Server\rewrite.php(45): require_once('C:\\xampp\\htdocs...')
#14 {main}
CRITICAL - 2021-01-15 09:23:15 --> Cannot add or update a child row: a foreign key constraint fails (`propleyah`.`transaksi`, CONSTRAINT `transaksi_id_user_foreign` FOREIGN KEY (`user`) REFERENCES `user` (`id`))
#0 C:\xampp\htdocs\propleyahv2\system\Database\MySQLi\Connection.php(314): mysqli->query('INSERT INTO `tr...')
#1 C:\xampp\htdocs\propleyahv2\system\Database\BaseConnection.php(697): CodeIgniter\Database\MySQLi\Connection->execute('INSERT INTO `tr...')
#2 C:\xampp\htdocs\propleyahv2\system\Database\BaseConnection.php(625): CodeIgniter\Database\BaseConnection->simpleQuery('INSERT INTO `tr...')
#3 C:\xampp\htdocs\propleyahv2\system\Database\BaseBuilder.php(2265): CodeIgniter\Database\BaseConnection->query('INSERT INTO `tr...', Array, false)
#4 C:\xampp\htdocs\propleyahv2\system\Model.php(263): CodeIgniter\Database\BaseBuilder->insert()
#5 C:\xampp\htdocs\propleyahv2\system\BaseModel.php(777): CodeIgniter\Model->doInsert(Array, NULL)
#6 C:\xampp\htdocs\propleyahv2\system\Model.php(672): CodeIgniter\BaseModel->insert(Array, false, NULL)
#7 C:\xampp\htdocs\propleyahv2\system\BaseModel.php(668): CodeIgniter\Model->insert(Array, false)
#8 C:\xampp\htdocs\propleyahv2\app\Controllers\Ticket.php(81): CodeIgniter\BaseModel->save(Array)
#9 C:\xampp\htdocs\propleyahv2\system\CodeIgniter.php(931): App\Controllers\Ticket->pesan('4')
#10 C:\xampp\htdocs\propleyahv2\system\CodeIgniter.php(427): CodeIgniter\CodeIgniter->runController(Object(App\Controllers\Ticket))
#11 C:\xampp\htdocs\propleyahv2\system\CodeIgniter.php(333): CodeIgniter\CodeIgniter->handleRequest(NULL, Object(Config\Cache), false)
#12 C:\xampp\htdocs\propleyahv2\public\index.php(44): CodeIgniter\CodeIgniter->run()
#13 C:\xampp\htdocs\propleyahv2\system\Commands\Server\rewrite.php(45): require_once('C:\\xampp\\htdocs...')
#14 {main}
ERROR - 2021-01-15 09:26:11 --> mysqli_sql_exception: Column 'user' cannot be null in C:\xampp\htdocs\propleyahv2\system\Database\MySQLi\Connection.php:314
Stack trace:
#0 C:\xampp\htdocs\propleyahv2\system\Database\MySQLi\Connection.php(314): mysqli->query('INSERT INTO `tr...')
#1 C:\xampp\htdocs\propleyahv2\system\Database\BaseConnection.php(697): CodeIgniter\Database\MySQLi\Connection->execute('INSERT INTO `tr...')
#2 C:\xampp\htdocs\propleyahv2\system\Database\BaseConnection.php(625): CodeIgniter\Database\BaseConnection->simpleQuery('INSERT INTO `tr...')
#3 C:\xampp\htdocs\propleyahv2\system\Database\BaseBuilder.php(2265): CodeIgniter\Database\BaseConnection->query('INSERT INTO `tr...', Array, false)
#4 C:\xampp\htdocs\propleyahv2\system\Model.php(263): CodeIgniter\Database\BaseBuilder->insert()
#5 C:\xampp\htdocs\propleyahv2\system\BaseModel.php(777): CodeIgniter\Model->doInsert(Array, NULL)
#6 C:\xampp\htdocs\propleyahv2\system\Model.php(672): CodeIgniter\BaseModel->insert(Array, false, NULL)
#7 C:\xampp\htdocs\propleyahv2\system\BaseModel.php(668): CodeIgniter\Model->insert(Array, false)
#8 C:\xampp\htdocs\propleyahv2\app\Controllers\Ticket.php(81): CodeIgniter\BaseModel->save(Array)
#9 C:\xampp\htdocs\propleyahv2\system\CodeIgniter.php(931): App\Controllers\Ticket->pesan('4')
#10 C:\xampp\htdocs\propleyahv2\system\CodeIgniter.php(427): CodeIgniter\CodeIgniter->runController(Object(App\Controllers\Ticket))
#11 C:\xampp\htdocs\propleyahv2\system\CodeIgniter.php(333): CodeIgniter\CodeIgniter->handleRequest(NULL, Object(Config\Cache), false)
#12 C:\xampp\htdocs\propleyahv2\public\index.php(44): CodeIgniter\CodeIgniter->run()
#13 C:\xampp\htdocs\propleyahv2\system\Commands\Server\rewrite.php(45): require_once('C:\\xampp\\htdocs...')
#14 {main}
CRITICAL - 2021-01-15 09:26:11 --> Column 'user' cannot be null
#0 C:\xampp\htdocs\propleyahv2\system\Database\MySQLi\Connection.php(314): mysqli->query('INSERT INTO `tr...')
#1 C:\xampp\htdocs\propleyahv2\system\Database\BaseConnection.php(697): CodeIgniter\Database\MySQLi\Connection->execute('INSERT INTO `tr...')
#2 C:\xampp\htdocs\propleyahv2\system\Database\BaseConnection.php(625): CodeIgniter\Database\BaseConnection->simpleQuery('INSERT INTO `tr...')
#3 C:\xampp\htdocs\propleyahv2\system\Database\BaseBuilder.php(2265): CodeIgniter\Database\BaseConnection->query('INSERT INTO `tr...', Array, false)
#4 C:\xampp\htdocs\propleyahv2\system\Model.php(263): CodeIgniter\Database\BaseBuilder->insert()
#5 C:\xampp\htdocs\propleyahv2\system\BaseModel.php(777): CodeIgniter\Model->doInsert(Array, NULL)
#6 C:\xampp\htdocs\propleyahv2\system\Model.php(672): CodeIgniter\BaseModel->insert(Array, false, NULL)
#7 C:\xampp\htdocs\propleyahv2\system\BaseModel.php(668): CodeIgniter\Model->insert(Array, false)
#8 C:\xampp\htdocs\propleyahv2\app\Controllers\Ticket.php(81): CodeIgniter\BaseModel->save(Array)
#9 C:\xampp\htdocs\propleyahv2\system\CodeIgniter.php(931): App\Controllers\Ticket->pesan('4')
#10 C:\xampp\htdocs\propleyahv2\system\CodeIgniter.php(427): CodeIgniter\CodeIgniter->runController(Object(App\Controllers\Ticket))
#11 C:\xampp\htdocs\propleyahv2\system\CodeIgniter.php(333): CodeIgniter\CodeIgniter->handleRequest(NULL, Object(Config\Cache), false)
#12 C:\xampp\htdocs\propleyahv2\public\index.php(44): CodeIgniter\CodeIgniter->run()
#13 C:\xampp\htdocs\propleyahv2\system\Commands\Server\rewrite.php(45): require_once('C:\\xampp\\htdocs...')
#14 {main}
ERROR - 2021-01-15 09:26:17 --> mysqli_sql_exception: Column 'user' cannot be null in C:\xampp\htdocs\propleyahv2\system\Database\MySQLi\Connection.php:314
Stack trace:
#0 C:\xampp\htdocs\propleyahv2\system\Database\MySQLi\Connection.php(314): mysqli->query('INSERT INTO `tr...')
#1 C:\xampp\htdocs\propleyahv2\system\Database\BaseConnection.php(697): CodeIgniter\Database\MySQLi\Connection->execute('INSERT INTO `tr...')
#2 C:\xampp\htdocs\propleyahv2\system\Database\BaseConnection.php(625): CodeIgniter\Database\BaseConnection->simpleQuery('INSERT INTO `tr...')
#3 C:\xampp\htdocs\propleyahv2\system\Database\BaseBuilder.php(2265): CodeIgniter\Database\BaseConnection->query('INSERT INTO `tr...', Array, false)
#4 C:\xampp\htdocs\propleyahv2\system\Model.php(263): CodeIgniter\Database\BaseBuilder->insert()
#5 C:\xampp\htdocs\propleyahv2\system\BaseModel.php(777): CodeIgniter\Model->doInsert(Array, NULL)
#6 C:\xampp\htdocs\propleyahv2\system\Model.php(672): CodeIgniter\BaseModel->insert(Array, false, NULL)
#7 C:\xampp\htdocs\propleyahv2\system\BaseModel.php(668): CodeIgniter\Model->insert(Array, false)
#8 C:\xampp\htdocs\propleyahv2\app\Controllers\Ticket.php(81): CodeIgniter\BaseModel->save(Array)
#9 C:\xampp\htdocs\propleyahv2\system\CodeIgniter.php(931): App\Controllers\Ticket->pesan('4')
#10 C:\xampp\htdocs\propleyahv2\system\CodeIgniter.php(427): CodeIgniter\CodeIgniter->runController(Object(App\Controllers\Ticket))
#11 C:\xampp\htdocs\propleyahv2\system\CodeIgniter.php(333): CodeIgniter\CodeIgniter->handleRequest(NULL, Object(Config\Cache), false)
#12 C:\xampp\htdocs\propleyahv2\public\index.php(44): CodeIgniter\CodeIgniter->run()
#13 C:\xampp\htdocs\propleyahv2\system\Commands\Server\rewrite.php(45): require_once('C:\\xampp\\htdocs...')
#14 {main}
CRITICAL - 2021-01-15 09:26:17 --> Column 'user' cannot be null
#0 C:\xampp\htdocs\propleyahv2\system\Database\MySQLi\Connection.php(314): mysqli->query('INSERT INTO `tr...')
#1 C:\xampp\htdocs\propleyahv2\system\Database\BaseConnection.php(697): CodeIgniter\Database\MySQLi\Connection->execute('INSERT INTO `tr...')
#2 C:\xampp\htdocs\propleyahv2\system\Database\BaseConnection.php(625): CodeIgniter\Database\BaseConnection->simpleQuery('INSERT INTO `tr...')
#3 C:\xampp\htdocs\propleyahv2\system\Database\BaseBuilder.php(2265): CodeIgniter\Database\BaseConnection->query('INSERT INTO `tr...', Array, false)
#4 C:\xampp\htdocs\propleyahv2\system\Model.php(263): CodeIgniter\Database\BaseBuilder->insert()
#5 C:\xampp\htdocs\propleyahv2\system\BaseModel.php(777): CodeIgniter\Model->doInsert(Array, NULL)
#6 C:\xampp\htdocs\propleyahv2\system\Model.php(672): CodeIgniter\BaseModel->insert(Array, false, NULL)
#7 C:\xampp\htdocs\propleyahv2\system\BaseModel.php(668): CodeIgniter\Model->insert(Array, false)
#8 C:\xampp\htdocs\propleyahv2\app\Controllers\Ticket.php(81): CodeIgniter\BaseModel->save(Array)
#9 C:\xampp\htdocs\propleyahv2\system\CodeIgniter.php(931): App\Controllers\Ticket->pesan('4')
#10 C:\xampp\htdocs\propleyahv2\system\CodeIgniter.php(427): CodeIgniter\CodeIgniter->runController(Object(App\Controllers\Ticket))
#11 C:\xampp\htdocs\propleyahv2\system\CodeIgniter.php(333): CodeIgniter\CodeIgniter->handleRequest(NULL, Object(Config\Cache), false)
#12 C:\xampp\htdocs\propleyahv2\public\index.php(44): CodeIgniter\CodeIgniter->run()
#13 C:\xampp\htdocs\propleyahv2\system\Commands\Server\rewrite.php(45): require_once('C:\\xampp\\htdocs...')
#14 {main}
CRITICAL - 2021-01-15 09:33:31 --> Call to undefined method App\Models\TransaksiModel::getTiket
#0 C:\xampp\htdocs\propleyahv2\app\Controllers\Pesanan.php(25): CodeIgniter\Model->__call('getTiket', Array)
#1 C:\xampp\htdocs\propleyahv2\system\CodeIgniter.php(931): App\Controllers\Pesanan->index()
#2 C:\xampp\htdocs\propleyahv2\system\CodeIgniter.php(427): CodeIgniter\CodeIgniter->runController(Object(App\Controllers\Pesanan))
#3 C:\xampp\htdocs\propleyahv2\system\CodeIgniter.php(333): CodeIgniter\CodeIgniter->handleRequest(NULL, Object(Config\Cache), false)
#4 C:\xampp\htdocs\propleyahv2\public\index.php(44): CodeIgniter\CodeIgniter->run()
#5 C:\xampp\htdocs\propleyahv2\system\Commands\Server\rewrite.php(45): require_once('C:\\xampp\\htdocs...')
#6 {main}
CRITICAL - 2021-01-15 09:38:22 --> Undefined index: name
#0 C:\xampp\htdocs\propleyahv2\app\Views\home\pesanan.php(60): CodeIgniter\Debug\Exceptions->errorHandler(8, 'Undefined index...', 'C:\\xampp\\htdocs...', 60, Array)
#1 C:\xampp\htdocs\propleyahv2\system\View\View.php(219): include('C:\\xampp\\htdocs...')
#2 C:\xampp\htdocs\propleyahv2\system\Common.php(1213): CodeIgniter\View\View->render('Home/pesanan', Array, true)
#3 C:\xampp\htdocs\propleyahv2\app\Controllers\Pesanan.php(31): view('Home/pesanan', Array)
#4 C:\xampp\htdocs\propleyahv2\system\CodeIgniter.php(931): App\Controllers\Pesanan->index()
#5 C:\xampp\htdocs\propleyahv2\system\CodeIgniter.php(427): CodeIgniter\CodeIgniter->runController(Object(App\Controllers\Pesanan))
#6 C:\xampp\htdocs\propleyahv2\system\CodeIgniter.php(333): CodeIgniter\CodeIgniter->handleRequest(NULL, Object(Config\Cache), false)
#7 C:\xampp\htdocs\propleyahv2\public\index.php(44): CodeIgniter\CodeIgniter->run()
#8 C:\xampp\htdocs\propleyahv2\system\Commands\Server\rewrite.php(45): require_once('C:\\xampp\\htdocs...')
#9 {main}
CRITICAL - 2021-01-15 09:45:42 --> Undefined index: name
#0 C:\xampp\htdocs\propleyahv2\app\Views\home\pesanan.php(60): CodeIgniter\Debug\Exceptions->errorHandler(8, 'Undefined index...', 'C:\\xampp\\htdocs...', 60, Array)
#1 C:\xampp\htdocs\propleyahv2\system\View\View.php(219): include('C:\\xampp\\htdocs...')
#2 C:\xampp\htdocs\propleyahv2\system\Common.php(1213): CodeIgniter\View\View->render('Home/pesanan', Array, true)
#3 C:\xampp\htdocs\propleyahv2\app\Controllers\Pesanan.php(31): view('Home/pesanan', Array)
#4 C:\xampp\htdocs\propleyahv2\system\CodeIgniter.php(931): App\Controllers\Pesanan->index()
#5 C:\xampp\htdocs\propleyahv2\system\CodeIgniter.php(427): CodeIgniter\CodeIgniter->runController(Object(App\Controllers\Pesanan))
#6 C:\xampp\htdocs\propleyahv2\system\CodeIgniter.php(333): CodeIgniter\CodeIgniter->handleRequest(NULL, Object(Config\Cache), false)
#7 C:\xampp\htdocs\propleyahv2\public\index.php(44): CodeIgniter\CodeIgniter->run()
#8 C:\xampp\htdocs\propleyahv2\system\Commands\Server\rewrite.php(45): require_once('C:\\xampp\\htdocs...')
#9 {main}
CRITICAL - 2021-01-15 09:46:05 --> Undefined index: transport
#0 C:\xampp\htdocs\propleyahv2\app\Views\home\pesanan.php(61): CodeIgniter\Debug\Exceptions->errorHandler(8, 'Undefined index...', 'C:\\xampp\\htdocs...', 61, Array)
#1 C:\xampp\htdocs\propleyahv2\system\View\View.php(219): include('C:\\xampp\\htdocs...')
#2 C:\xampp\htdocs\propleyahv2\system\Common.php(1213): CodeIgniter\View\View->render('Home/pesanan', Array, true)
#3 C:\xampp\htdocs\propleyahv2\app\Controllers\Pesanan.php(31): view('Home/pesanan', Array)
#4 C:\xampp\htdocs\propleyahv2\system\CodeIgniter.php(931): App\Controllers\Pesanan->index()
#5 C:\xampp\htdocs\propleyahv2\system\CodeIgniter.php(427): CodeIgniter\CodeIgniter->runController(Object(App\Controllers\Pesanan))
#6 C:\xampp\htdocs\propleyahv2\system\CodeIgniter.php(333): CodeIgniter\CodeIgniter->handleRequest(NULL, Object(Config\Cache), false)
#7 C:\xampp\htdocs\propleyahv2\public\index.php(44): CodeIgniter\CodeIgniter->run()
#8 C:\xampp\htdocs\propleyahv2\system\Commands\Server\rewrite.php(45): require_once('C:\\xampp\\htdocs...')
#9 {main}
CRITICAL - 2021-01-15 10:06:26 --> Undefined variable: data1
#0 C:\xampp\htdocs\propleyahv2\app\Views\home\mybook.php(59): CodeIgniter\Debug\Exceptions->errorHandler(8, 'Undefined varia...', 'C:\\xampp\\htdocs...', 59, Array)
#1 C:\xampp\htdocs\propleyahv2\system\View\View.php(219): include('C:\\xampp\\htdocs...')
#2 C:\xampp\htdocs\propleyahv2\system\Common.php(1213): CodeIgniter\View\View->render('home/mybook', Array, true)
#3 C:\xampp\htdocs\propleyahv2\app\Controllers\Mybook.php(33): view('home/mybook')
#4 C:\xampp\htdocs\propleyahv2\system\CodeIgniter.php(931): App\Controllers\Mybook->mybook()
#5 C:\xampp\htdocs\propleyahv2\system\CodeIgniter.php(427): CodeIgniter\CodeIgniter->runController(Object(App\Controllers\Mybook))
#6 C:\xampp\htdocs\propleyahv2\system\CodeIgniter.php(333): CodeIgniter\CodeIgniter->handleRequest(NULL, Object(Config\Cache), false)
#7 C:\xampp\htdocs\propleyahv2\public\index.php(44): CodeIgniter\CodeIgniter->run()
#8 C:\xampp\htdocs\propleyahv2\system\Commands\Server\rewrite.php(45): require_once('C:\\xampp\\htdocs...')
#9 {main}
